Log file open, 11/29/21 12:04:53
LogWindows: Failed to load 'aqProf.dll' (GetLastError=126)
LogWindows: File 'aqProf.dll' does not exist
LogWindows: Failed to load 'VtuneApi.dll' (GetLastError=126)
LogWindows: File 'VtuneApi.dll' does not exist
LogWindows: Failed to load 'VtuneApi32e.dll' (GetLastError=126)
LogWindows: File 'VtuneApi32e.dll' does not exist
LogConsoleResponse: Display: Failed to find resolution value strings in scalability ini. Falling back to default.
LogConsoleResponse: Display: Failed to find resolution value strings in scalability ini. Falling back to default.
LogInit: Display: Running engine for game: fishygame
LogPlatformFile: Not using cached read wrapper
LogTaskGraph: Started task graph with 5 named threads and 20 total threads with 3 sets of task threads.
LogStats: Stats thread started at 0.238233
LogICUInternationalization: ICU TimeZone Detection - Raw Offset: +0:00, Platform Override: ''
LogInit: Display: Loading text-based GConfig....
LogPluginManager: Mounting plugin MeshPainting
LogPluginManager: Mounting plugin XGEController
LogPluginManager: Mounting plugin Paper2D
LogPluginManager: Mounting plugin LiveLink
LogPluginManager: Mounting plugin AISupport
LogPluginManager: Mounting plugin LightPropagationVolume
LogPluginManager: Mounting plugin EnvironmentQueryEditor
LogPluginManager: Mounting plugin CameraShakePreviewer
LogPluginManager: Mounting plugin GameplayCameras
LogPluginManager: Mounting plugin AnimationSharing
LogPluginManager: Mounting plugin CodeLiteSourceCodeAccess
LogPluginManager: Mounting plugin CLionSourceCodeAccess
LogPluginManager: Mounting plugin KDevelopSourceCodeAccess
LogPluginManager: Mounting plugin GitSourceControl
LogPluginManager: Mounting plugin NullSourceCodeAccess
LogPluginManager: Mounting plugin OodleData
LogPluginManager: Mounting plugin PerforceSourceControl
LogPluginManager: Mounting plugin PixWinPlugin
LogPluginManager: Mounting plugin PlasticSourceControl
LogPluginManager: Mounting plugin PluginUtils
LogPluginManager: Mounting plugin PropertyAccessNode
LogPluginManager: Mounting plugin RiderSourceCodeAccess
LogPluginManager: Mounting plugin SubversionSourceControl
LogPluginManager: Mounting plugin TextureFormatOodle
LogPluginManager: Mounting plugin VisualStudioCodeSourceCodeAccess
LogPluginManager: Mounting plugin VisualStudioSourceCodeAccess
LogPluginManager: Mounting plugin UObjectPlugin
LogPluginManager: Mounting plugin XCodeSourceCodeAccess
LogPluginManager: Mounting plugin OodleNetwork
LogPluginManager: Mounting plugin DatasmithContent
LogPluginManager: Mounting plugin VariantManagerContent
LogPluginManager: Mounting plugin CryptoKeys
LogPluginManager: Mounting plugin DataValidation
LogPluginManager: Mounting plugin AssetManagerEditor
LogPluginManager: Mounting plugin CurveEditorTools
LogPluginManager: Mounting plugin FacialAnimation
LogPluginManager: Mounting plugin GameplayTagsEditor
LogPluginManager: Mounting plugin GeometryMode
LogPluginManager: Mounting plugin MaterialAnalyzer
LogPluginManager: Mounting plugin MacGraphicsSwitching
LogPluginManager: Mounting plugin MobileLauncherProfileWizard
LogPluginManager: Mounting plugin SpeedTreeImporter
LogPluginManager: Mounting plugin PluginBrowser
LogPluginManager: Mounting plugin AutomationUtils
LogPluginManager: Mounting plugin AlembicImporter
LogPluginManager: Mounting plugin BackChannel
LogPluginManager: Mounting plugin ChaosClothEditor
LogPluginManager: Mounting plugin ChaosEditor
LogPluginManager: Mounting plugin ChaosNiagara
LogPluginManager: Mounting plugin ChaosCloth
LogPluginManager: Mounting plugin ChaosSolverPlugin
LogPluginManager: Mounting plugin CharacterAI
LogPluginManager: Mounting plugin Niagara
LogPluginManager: Mounting plugin GeometryCollectionPlugin
LogPluginManager: Mounting plugin GeometryCache
LogPluginManager: Mounting plugin GeometryProcessing
LogPluginManager: Mounting plugin MotoSynth
LogPluginManager: Mounting plugin OpenImageDenoise
LogPluginManager: Mounting plugin PlanarCut
LogPluginManager: Mounting plugin PlatformCrypto
LogPluginManager: Mounting plugin ProxyLODPlugin
LogPluginManager: Mounting plugin PythonScriptPlugin
LogPluginManager: Mounting plugin SkeletalReduction
LogPluginManager: Mounting plugin LuminPlatformFeatures
LogPluginManager: Mounting plugin MagicLeap
LogPluginManager: Mounting plugin MagicLeapLightEstimation
LogPluginManager: Mounting plugin MagicLeapMedia
LogPluginManager: Mounting plugin MagicLeapPassableWorld
LogPluginManager: Mounting plugin MLSDK
LogPluginManager: Mounting plugin AndroidMedia
LogPluginManager: Mounting plugin AvfMedia
LogPluginManager: Mounting plugin ImgMedia
LogPluginManager: Mounting plugin MediaCompositing
LogPluginManager: Mounting plugin MediaPlayerEditor
LogPluginManager: Mounting plugin WmfMedia
LogPluginManager: Mounting plugin WebMMedia
LogPluginManager: Mounting plugin TcpMessaging
LogPluginManager: Mounting plugin UdpMessaging
LogPluginManager: Mounting plugin LevelSequenceEditor
LogPluginManager: Mounting plugin MatineeToLevelSequence
LogPluginManager: Mounting plugin ActorSequence
LogPluginManager: Mounting plugin TemplateSequence
LogPluginManager: Mounting plugin OnlineSubsystem
LogPluginManager: Mounting plugin OnlineSubsystemNull
LogPluginManager: Mounting plugin OnlineSubsystemUtils
LogPluginManager: Mounting plugin LauncherChunkInstaller
LogPluginManager: Mounting plugin ActorLayerUtilities
LogPluginManager: Mounting plugin AndroidPermission
LogPluginManager: Mounting plugin AndroidDeviceProfileSelector
LogPluginManager: Mounting plugin AndroidMoviePlayer
LogPluginManager: Mounting plugin AppleImageUtils
LogPluginManager: Mounting plugin AppleMoviePlayer
LogPluginManager: Mounting plugin ArchVisCharacter
LogPluginManager: Mounting plugin AssetTags
LogPluginManager: Mounting plugin AudioCapture
LogPluginManager: Mounting plugin AudioSynesthesia
LogPluginManager: Mounting plugin CableComponent
LogPluginManager: Mounting plugin ChunkDownloader
LogPluginManager: Mounting plugin CustomMeshComponent
LogPluginManager: Mounting plugin EditableMesh
LogPluginManager: Mounting plugin ExampleDeviceProfileSelector
LogPluginManager: Mounting plugin GoogleCloudMessaging
LogPluginManager: Mounting plugin GooglePAD
LogPluginManager: Mounting plugin IOSDeviceProfileSelector
LogPluginManager: Mounting plugin LinuxDeviceProfileSelector
LogPluginManager: Mounting plugin LocationServicesBPLibrary
LogPluginManager: Mounting plugin MobilePatchingUtils
LogPluginManager: Mounting plugin OpenXR
LogPluginManager: Mounting plugin OpenXREyeTracker
LogPluginManager: Mounting plugin OpenXRHandTracking
LogPluginManager: Mounting plugin PhysXVehicles
LogPluginManager: Mounting plugin PostSplashScreen
LogPluginManager: Mounting plugin ProceduralMeshComponent
LogPluginManager: Mounting plugin PropertyAccessEditor
LogPluginManager: Mounting plugin RuntimePhysXCooking
LogPluginManager: Mounting plugin SignificanceManager
LogPluginManager: Mounting plugin SoundFields
LogPluginManager: Mounting plugin Synthesis
LogPluginManager: Mounting plugin WindowsMoviePlayer
LogPluginManager: Mounting plugin WebMMoviePlayer
LogPluginManager: Mounting plugin ScreenshotTools
LogPluginManager: Mounting plugin Takes
LogPluginManager: Mounting plugin ContentBrowserAssetDataSource
LogPluginManager: Mounting plugin ContentBrowserClassDataSource
LogPluginManager: Mounting plugin ContentBrowserFileDataSource
LogPluginManager: Mounting plugin OnlineSubsystemIOS
LogPluginManager: Mounting plugin OnlineSubsystemGooglePlay
LogPluginManager: Mounting plugin OculusVR
LogPluginManager: Mounting plugin SteamVR
PixWinPlugin: PIX capture plugin failed to initialize! Check that the process is launched from PIX.
LogInit: Using libcurl 7.55.1-DEV
LogInit:  - built for x86_64-pc-win32
LogInit:  - supports SSL with OpenSSL/1.1.1
LogInit:  - supports HTTP deflate (compression) using libz 1.2.8
LogInit:  - other features:
LogInit:      CURL_VERSION_SSL
LogInit:      CURL_VERSION_LIBZ
LogInit:      CURL_VERSION_IPV6
LogInit:      CURL_VERSION_ASYNCHDNS
LogInit:      CURL_VERSION_LARGEFILE
LogInit:      CURL_VERSION_IDN
LogInit:  CurlRequestOptions (configurable via config and command line):
LogInit:  - bVerifyPeer = true  - Libcurl will verify peer certificate
LogInit:  - bUseHttpProxy = false  - Libcurl will NOT use HTTP proxy
LogInit:  - bDontReuseConnections = false  - Libcurl will reuse connections
LogInit:  - MaxHostConnections = 16  - Libcurl will limit the number of connections to a host
LogInit:  - LocalHostAddr = Default
LogInit:  - BufferSize = 65536
LogOnline: OSS: Creating online subsystem instance for: NULL
LogInit: WinSock: version 1.1 (2.2), MaxSocks=32767, MaxUdp=65467
LogOnline: OSS: TryLoadSubsystemAndSetDefault: Loaded subsystem for module [NULL]
LogOculusPluginWrapper: OculusPlugin initialized successfully
LogHMD: Failed initializing OVRPlugin 1.59.0
LogInit: Build: ++UE4+Release-4.27-CL-17155196
LogInit: Engine Version: 4.27.0-17155196+++UE4+Release-4.27
LogInit: Compatible Engine Version: 4.27.0-17155196+++UE4+Release-4.27
LogInit: Net CL: 17155196
LogInit: OS: Windows 10 (Release 1909) (), CPU: Intel(R) Core(TM) i5-9400F CPU @ 2.90GHz, GPU: NVIDIA GeForce GTX 1660
LogInit: Compiled (64-bit): Aug 13 2021 06:13:13
LogInit: Compiled with Visual C++: 19.24.28315.00
LogInit: Build Configuration: Development
LogInit: Branch Name: ++UE4+Release-4.27
LogInit: Command Line: 
LogInit: Base Directory: C:/Program Files/Epic Games/UE_4.27/Engine/Binaries/Win64/
LogInit: Allocator: TBB
LogInit: Installed Engine Build: 1
LogDevObjectVersion: Number of dev versions registered: 29
LogDevObjectVersion:   Dev-Blueprints (B0D832E4-1F89-4F0D-ACCF-7EB736FD4AA2): 10
LogDevObjectVersion:   Dev-Build (E1C64328-A22C-4D53-A36C-8E866417BD8C): 0
LogDevObjectVersion:   Dev-Core (375EC13C-06E4-48FB-B500-84F0262A717E): 4
LogDevObjectVersion:   Dev-Editor (E4B068ED-F494-42E9-A231-DA0B2E46BB41): 40
LogDevObjectVersion:   Dev-Framework (CFFC743F-43B0-4480-9391-14DF171D2073): 37
LogDevObjectVersion:   Dev-Mobile (B02B49B5-BB20-44E9-A304-32B752E40360): 3
LogDevObjectVersion:   Dev-Networking (A4E4105C-59A1-49B5-A7C5-40C4547EDFEE): 0
LogDevObjectVersion:   Dev-Online (39C831C9-5AE6-47DC-9A44-9C173E1C8E7C): 0
LogDevObjectVersion:   Dev-Physics (78F01B33-EBEA-4F98-B9B4-84EACCB95AA2): 14
LogDevObjectVersion:   Dev-Platform (6631380F-2D4D-43E0-8009-CF276956A95A): 0
LogDevObjectVersion:   Dev-Rendering (12F88B9F-8875-4AFC-A67C-D90C383ABD29): 45
LogDevObjectVersion:   Dev-Sequencer (7B5AE74C-D270-4C10-A958-57980B212A5A): 13
LogDevObjectVersion:   Dev-VR (D7296918-1DD6-4BDD-9DE2-64A83CC13884): 3
LogDevObjectVersion:   Dev-LoadTimes (C2A15278-BFE7-4AFE-6C17-90FF531DF755): 1
LogDevObjectVersion:   Private-Geometry (6EACA3D4-40EC-4CC1-B786-8BED09428FC5): 3
LogDevObjectVersion:   Dev-AnimPhys (29E575DD-E0A3-4627-9D10-D276232CDCEA): 17
LogDevObjectVersion:   Dev-Anim (AF43A65D-7FD3-4947-9873-3E8ED9C1BB05): 15
LogDevObjectVersion:   Dev-ReflectionCapture (6B266CEC-1EC7-4B8F-A30B-E4D90942FC07): 1
LogDevObjectVersion:   Dev-Automation (0DF73D61-A23F-47EA-B727-89E90C41499A): 1
LogDevObjectVersion:   FortniteMain (601D1886-AC64-4F84-AA16-D3DE0DEAC7D6): 47
LogDevObjectVersion:   FortniteRelease (E7086368-6B23-4C58-8439-1B7016265E91): 1
LogDevObjectVersion:   Dev-Enterprise (9DFFBCD6-494F-0158-E221-12823C92A888): 10
LogDevObjectVersion:   Dev-Niagara (F2AED0AC-9AFE-416F-8664-AA7FFA26D6FC): 1
LogDevObjectVersion:   Dev-Destruction (174F1F0B-B4C6-45A5-B13F-2EE8D0FB917D): 10
LogDevObjectVersion:   Dev-Physics-Ext (35F94A83-E258-406C-A318-09F59610247C): 41
LogDevObjectVersion:   Dev-PhysicsMaterial-Chaos (B68FC16E-8B1B-42E2-B453-215C058844FE): 1
LogDevObjectVersion:   Dev-CineCamera (B2E18506-4273-CFC2-A54E-F4BB758BBA07): 1
LogDevObjectVersion:   Dev-VirtualProduction (64F58936-FD1B-42BA-BA96-7289D5D0FA4E): 1
LogDevObjectVersion:   Dev-MediaFramework (6F0ED827-A609-4895-9C91-998D90180EA4): 2
LogInit: Presizing for max 25165824 objects, including 0 objects not considered by GC, pre-allocating 0 bytes for permanent pool.
LogConfig: Applying CVar settings from Section [/Script/Engine.StreamingSettings] File [D:/fishgame2/fish/fishygame/Saved/Config/Windows/Engine.ini]
LogConfig: Setting CVar [[s.MinBulkDataSizeForAsyncLoading:131072]]
LogConfig: Setting CVar [[s.AsyncLoadingThreadEnabled:0]]
LogConfig: Setting CVar [[s.EventDrivenLoaderEnabled:1]]
LogConfig: Setting CVar [[s.WarnIfTimeLimitExceeded:0]]
LogConfig: Setting CVar [[s.TimeLimitExceededMultiplier:1.5]]
LogConfig: Setting CVar [[s.TimeLimitExceededMinTime:0.005]]
LogConfig: Setting CVar [[s.UseBackgroundLevelStreaming:1]]
LogConfig: Setting CVar [[s.PriorityAsyncLoadingExtraTime:15.0]]
LogConfig: Setting CVar [[s.LevelStreamingActorsUpdateTimeLimit:5.0]]
LogConfig: Setting CVar [[s.PriorityLevelStreamingActorsUpdateExtraTime:5.0]]
LogConfig: Setting CVar [[s.LevelStreamingComponentsRegistrationGranularity:10]]
LogConfig: Setting CVar [[s.UnregisterComponentsTimeLimit:1.0]]
LogConfig: Setting CVar [[s.LevelStreamingComponentsUnregistrationGranularity:5]]
LogConfig: Setting CVar [[s.FlushStreamingOnExit:1]]
LogInit: Object subsystem initialized
LogConfig: Setting CVar [[con.DebugEarlyDefault:1]]
LogConfig: Setting CVar [[r.setres:1280x720]]
[2021.11.29-12.04.53:694][  0]LogConfig: Setting CVar [[r.VSync:0]]
[2021.11.29-12.04.53:694][  0]LogConfig: Setting CVar [[r.RHICmdBypass:0]]
[2021.11.29-12.04.53:694][  0]LogConfig: Applying CVar settings from Section [/Script/Engine.RendererSettings] File [D:/fishgame2/fish/fishygame/Saved/Config/Windows/Engine.ini]
[2021.11.29-12.04.53:694][  0]LogConfig: Setting CVar [[r.GPUCrashDebugging:0]]
[2021.11.29-12.04.53:694][  0]LogConfig: Applying CVar settings from Section [/Script/Engine.RendererOverrideSettings] File [D:/fishgame2/fish/fishygame/Saved/Config/Windows/Engine.ini]
[2021.11.29-12.04.53:694][  0]LogConfig: Applying CVar settings from Section [/Script/Engine.StreamingSettings] File [D:/fishgame2/fish/fishygame/Saved/Config/Windows/Engine.ini]
[2021.11.29-12.04.53:694][  0]LogConfig: Setting CVar [[s.MinBulkDataSizeForAsyncLoading:131072]]
[2021.11.29-12.04.53:694][  0]LogConfig: Setting CVar [[s.AsyncLoadingThreadEnabled:0]]
[2021.11.29-12.04.53:694][  0]LogConfig: Setting CVar [[s.EventDrivenLoaderEnabled:1]]
[2021.11.29-12.04.53:694][  0]LogConfig: Setting CVar [[s.WarnIfTimeLimitExceeded:0]]
[2021.11.29-12.04.53:694][  0]LogConfig: Setting CVar [[s.TimeLimitExceededMultiplier:1.5]]
[2021.11.29-12.04.53:694][  0]LogConfig: Setting CVar [[s.TimeLimitExceededMinTime:0.005]]
[2021.11.29-12.04.53:694][  0]LogConfig: Setting CVar [[s.UseBackgroundLevelStreaming:1]]
[2021.11.29-12.04.53:694][  0]LogConfig: Setting CVar [[s.PriorityAsyncLoadingExtraTime:15.0]]
[2021.11.29-12.04.53:694][  0]LogConfig: Setting CVar [[s.LevelStreamingActorsUpdateTimeLimit:5.0]]
[2021.11.29-12.04.53:694][  0]LogConfig: Setting CVar [[s.PriorityLevelStreamingActorsUpdateExtraTime:5.0]]
[2021.11.29-12.04.53:694][  0]LogConfig: Setting CVar [[s.LevelStreamingComponentsRegistrationGranularity:10]]
[2021.11.29-12.04.53:694][  0]LogConfig: Setting CVar [[s.UnregisterComponentsTimeLimit:1.0]]
[2021.11.29-12.04.53:694][  0]LogConfig: Setting CVar [[s.LevelStreamingComponentsUnregistrationGranularity:5]]
[2021.11.29-12.04.53:694][  0]LogConfig: Setting CVar [[s.FlushStreamingOnExit:1]]
[2021.11.29-12.04.53:694][  0]LogConfig: Applying CVar settings from Section [/Script/Engine.GarbageCollectionSettings] File [D:/fishgame2/fish/fishygame/Saved/Config/Windows/Engine.ini]
[2021.11.29-12.04.53:694][  0]LogConfig: Setting CVar [[gc.MaxObjectsNotConsideredByGC:1]]
[2021.11.29-12.04.53:694][  0]LogConfig: Setting CVar [[gc.SizeOfPermanentObjectPool:0]]
[2021.11.29-12.04.53:694][  0]LogConfig: Setting CVar [[gc.FlushStreamingOnGC:0]]
[2021.11.29-12.04.53:694][  0]LogConfig: Setting CVar [[gc.NumRetriesBeforeForcingGC:10]]
[2021.11.29-12.04.53:694][  0]LogConfig: Setting CVar [[gc.AllowParallelGC:1]]
[2021.11.29-12.04.53:694][  0]LogConfig: Setting CVar [[gc.TimeBetweenPurgingPendingKillObjects:61.1]]
[2021.11.29-12.04.53:694][  0]LogConfig: Setting CVar [[gc.MaxObjectsInEditor:25165824]]
[2021.11.29-12.04.53:694][  0]LogConfig: Setting CVar [[gc.IncrementalBeginDestroyEnabled:1]]
[2021.11.29-12.04.53:694][  0]LogConfig: Setting CVar [[gc.CreateGCClusters:1]]
[2021.11.29-12.04.53:694][  0]LogConfig: Setting CVar [[gc.MinGCClusterSize:5]]
[2021.11.29-12.04.53:694][  0]LogConfig: Setting CVar [[gc.ActorClusteringEnabled:0]]
[2021.11.29-12.04.53:694][  0]LogConfig: Setting CVar [[gc.BlueprintClusteringEnabled:0]]
[2021.11.29-12.04.53:694][  0]LogConfig: Setting CVar [[gc.UseDisregardForGCOnDedicatedServers:0]]
[2021.11.29-12.04.53:694][  0]LogConfig: Setting CVar [[gc.MultithreadedDestructionEnabled:1]]
[2021.11.29-12.04.53:694][  0]LogConfig: Applying CVar settings from Section [/Script/Engine.NetworkSettings] File [D:/fishgame2/fish/fishygame/Saved/Config/Windows/Engine.ini]
[2021.11.29-12.04.53:695][  0]LogConfig: Applying CVar settings from Section [/Script/UnrealEd.CookerSettings] File [D:/fishgame2/fish/fishygame/Saved/Config/Windows/Engine.ini]
[2021.11.29-12.04.53:699][  0]LogConfig: Applying CVar settings from Section [ViewDistanceQuality@3] File [D:/fishgame2/fish/fishygame/Saved/Config/Windows/Scalability.ini]
[2021.11.29-12.04.53:699][  0]LogConfig: Setting CVar [[r.SkeletalMeshLODBias:0]]
[2021.11.29-12.04.53:699][  0]LogConfig: Setting CVar [[r.ViewDistanceScale:1.0]]
[2021.11.29-12.04.53:699][  0]LogConfig: Applying CVar settings from Section [AntiAliasingQuality@3] File [D:/fishgame2/fish/fishygame/Saved/Config/Windows/Scalability.ini]
[2021.11.29-12.04.53:699][  0]LogConfig: Setting CVar [[r.PostProcessAAQuality:4]]
[2021.11.29-12.04.53:699][  0]LogConfig: Applying CVar settings from Section [ShadowQuality@3] File [D:/fishgame2/fish/fishygame/Saved/Config/Windows/Scalability.ini]
[2021.11.29-12.04.53:699][  0]LogConfig: Setting CVar [[r.LightFunctionQuality:1]]
[2021.11.29-12.04.53:699][  0]LogConfig: Setting CVar [[r.ShadowQuality:5]]
[2021.11.29-12.04.53:699][  0]LogConfig: Setting CVar [[r.Shadow.CSM.MaxCascades:10]]
[2021.11.29-12.04.53:699][  0]LogConfig: Setting CVar [[r.Shadow.MaxResolution:2048]]
[2021.11.29-12.04.53:699][  0]LogConfig: Setting CVar [[r.Shadow.MaxCSMResolution:2048]]
[2021.11.29-12.04.53:699][  0]LogConfig: Setting CVar [[r.Shadow.RadiusThreshold:0.01]]
[2021.11.29-12.04.53:699][  0]LogConfig: Setting CVar [[r.Shadow.DistanceScale:1.0]]
[2021.11.29-12.04.53:699][  0]LogConfig: Setting CVar [[r.Shadow.CSM.TransitionScale:1.0]]
[2021.11.29-12.04.53:699][  0]LogConfig: Setting CVar [[r.Shadow.PreShadowResolutionFactor:1.0]]
[2021.11.29-12.04.53:699][  0]LogConfig: Setting CVar [[r.DistanceFieldShadowing:1]]
[2021.11.29-12.04.53:699][  0]LogConfig: Setting CVar [[r.DistanceFieldAO:1]]
[2021.11.29-12.04.53:699][  0]LogConfig: Setting CVar [[r.AOQuality:2]]
[2021.11.29-12.04.53:699][  0]LogConfig: Setting CVar [[r.VolumetricFog:1]]
[2021.11.29-12.04.53:699][  0]LogConfig: Setting CVar [[r.VolumetricFog.GridPixelSize:8]]
[2021.11.29-12.04.53:699][  0]LogConfig: Setting CVar [[r.VolumetricFog.GridSizeZ:128]]
[2021.11.29-12.04.53:699][  0]LogConfig: Setting CVar [[r.VolumetricFog.HistoryMissSupersampleCount:4]]
[2021.11.29-12.04.53:699][  0]LogConfig: Setting CVar [[r.LightMaxDrawDistanceScale:1]]
[2021.11.29-12.04.53:699][  0]LogConfig: Setting CVar [[r.CapsuleShadows:1]]
[2021.11.29-12.04.53:699][  0]LogConfig: Applying CVar settings from Section [PostProcessQuality@3] File [D:/fishgame2/fish/fishygame/Saved/Config/Windows/Scalability.ini]
[2021.11.29-12.04.53:699][  0]LogConfig: Setting CVar [[r.MotionBlurQuality:4]]
[2021.11.29-12.04.53:699][  0]LogConfig: Setting CVar [[r.AmbientOcclusionMipLevelFactor:0.4]]
[2021.11.29-12.04.53:699][  0]LogConfig: Setting CVar [[r.AmbientOcclusionMaxQuality:100]]
[2021.11.29-12.04.53:699][  0]LogConfig: Setting CVar [[r.AmbientOcclusionLevels:-1]]
[2021.11.29-12.04.53:699][  0]LogConfig: Setting CVar [[r.AmbientOcclusionRadiusScale:1.0]]
[2021.11.29-12.04.53:699][  0]LogConfig: Setting CVar [[r.DepthOfFieldQuality:2]]
[2021.11.29-12.04.53:699][  0]LogConfig: Setting CVar [[r.RenderTargetPoolMin:400]]
[2021.11.29-12.04.53:699][  0]LogConfig: Setting CVar [[r.LensFlareQuality:2]]
[2021.11.29-12.04.53:699][  0]LogConfig: Setting CVar [[r.SceneColorFringeQuality:1]]
[2021.11.29-12.04.53:699][  0]LogConfig: Setting CVar [[r.EyeAdaptationQuality:2]]
[2021.11.29-12.04.53:699][  0]LogConfig: Setting CVar [[r.BloomQuality:5]]
[2021.11.29-12.04.53:699][  0]LogConfig: Setting CVar [[r.FastBlurThreshold:100]]
[2021.11.29-12.04.53:699][  0]LogConfig: Setting CVar [[r.Upscale.Quality:3]]
[2021.11.29-12.04.53:699][  0]LogConfig: Setting CVar [[r.Tonemapper.GrainQuantization:1]]
[2021.11.29-12.04.53:699][  0]LogConfig: Setting CVar [[r.LightShaftQuality:1]]
[2021.11.29-12.04.53:699][  0]LogConfig: Setting CVar [[r.Filter.SizeScale:1]]
[2021.11.29-12.04.53:699][  0]LogConfig: Setting CVar [[r.Tonemapper.Quality:5]]
[2021.11.29-12.04.53:699][  0]LogConfig: Setting CVar [[r.DOF.Gather.AccumulatorQuality:1        ; higher gathering accumulator quality]]
[2021.11.29-12.04.53:699][  0]LogConfig: Setting CVar [[r.DOF.Gather.PostfilterMethod:1          ; Median3x3 postfilering method]]
[2021.11.29-12.04.53:699][  0]LogConfig: Setting CVar [[r.DOF.Gather.EnableBokehSettings:0       ; no bokeh simulation when gathering]]
[2021.11.29-12.04.53:699][  0]LogConfig: Setting CVar [[r.DOF.Gather.RingCount:4                 ; medium number of samples when gathering]]
[2021.11.29-12.04.53:699][  0]LogConfig: Setting CVar [[r.DOF.Scatter.ForegroundCompositing:1    ; additive foreground scattering]]
[2021.11.29-12.04.53:699][  0]LogConfig: Setting CVar [[r.DOF.Scatter.BackgroundCompositing:2    ; additive background scattering]]
[2021.11.29-12.04.53:699][  0]LogConfig: Setting CVar [[r.DOF.Scatter.EnableBokehSettings:1      ; bokeh simulation when scattering]]
[2021.11.29-12.04.53:699][  0]LogConfig: Setting CVar [[r.DOF.Scatter.MaxSpriteRatio:0.1         ; only a maximum of 10% of scattered bokeh]]
[2021.11.29-12.04.53:699][  0]LogConfig: Setting CVar [[r.DOF.Recombine.Quality:1                ; cheap slight out of focus]]
[2021.11.29-12.04.53:699][  0]LogConfig: Setting CVar [[r.DOF.Recombine.EnableBokehSettings:0    ; no bokeh simulation on slight out of focus]]
[2021.11.29-12.04.53:699][  0]LogConfig: Setting CVar [[r.DOF.TemporalAAQuality:1                ; more stable temporal accumulation]]
[2021.11.29-12.04.53:699][  0]LogConfig: Setting CVar [[r.DOF.Kernel.MaxForegroundRadius:0.025]]
[2021.11.29-12.04.53:699][  0]LogConfig: Setting CVar [[r.DOF.Kernel.MaxBackgroundRadius:0.025]]
[2021.11.29-12.04.53:699][  0]LogConfig: Applying CVar settings from Section [TextureQuality@3] File [D:/fishgame2/fish/fishygame/Saved/Config/Windows/Scalability.ini]
[2021.11.29-12.04.53:699][  0]LogConfig: Setting CVar [[r.Streaming.MipBias:0]]
[2021.11.29-12.04.53:699][  0]LogConfig: Setting CVar [[r.Streaming.AmortizeCPUToGPUCopy:0]]
[2021.11.29-12.04.53:699][  0]LogConfig: Setting CVar [[r.Streaming.MaxNumTexturesToStreamPerFrame:0]]
[2021.11.29-12.04.53:699][  0]LogConfig: Setting CVar [[r.Streaming.Boost:1]]
[2021.11.29-12.04.53:699][  0]LogConfig: Setting CVar [[r.MaxAnisotropy:8]]
[2021.11.29-12.04.53:699][  0]LogConfig: Setting CVar [[r.VT.MaxAnisotropy:8]]
[2021.11.29-12.04.53:699][  0]LogConfig: Setting CVar [[r.Streaming.LimitPoolSizeToVRAM:0]]
[2021.11.29-12.04.53:699][  0]LogConfig: Setting CVar [[r.Streaming.PoolSize:1000]]
[2021.11.29-12.04.53:699][  0]LogConfig: Setting CVar [[r.Streaming.MaxEffectiveScreenSize:0]]
[2021.11.29-12.04.53:699][  0]LogConfig: Applying CVar settings from Section [EffectsQuality@3] File [D:/fishgame2/fish/fishygame/Saved/Config/Windows/Scalability.ini]
[2021.11.29-12.04.53:699][  0]LogConfig: Setting CVar [[r.TranslucencyLightingVolumeDim:64]]
[2021.11.29-12.04.53:699][  0]LogConfig: Setting CVar [[r.RefractionQuality:2]]
[2021.11.29-12.04.53:699][  0]LogConfig: Setting CVar [[r.SSR.Quality:3]]
[2021.11.29-12.04.53:699][  0]LogConfig: Setting CVar [[r.SSR.HalfResSceneColor:0]]
[2021.11.29-12.04.53:700][  0]LogConfig: Setting CVar [[r.SceneColorFormat:4]]
[2021.11.29-12.04.53:700][  0]LogConfig: Setting CVar [[r.DetailMode:2]]
[2021.11.29-12.04.53:700][  0]LogConfig: Setting CVar [[r.TranslucencyVolumeBlur:1]]
[2021.11.29-12.04.53:700][  0]LogConfig: Setting CVar [[r.MaterialQualityLevel:1 ; High quality]]
[2021.11.29-12.04.53:700][  0]LogConfig: Setting CVar [[r.AnisotropicMaterials:1]]
[2021.11.29-12.04.53:700][  0]LogConfig: Setting CVar [[r.SSS.Scale:1]]
[2021.11.29-12.04.53:700][  0]LogConfig: Setting CVar [[r.SSS.SampleSet:2]]
[2021.11.29-12.04.53:700][  0]LogConfig: Setting CVar [[r.SSS.Quality:1]]
[2021.11.29-12.04.53:700][  0]LogConfig: Setting CVar [[r.SSS.HalfRes:0]]
[2021.11.29-12.04.53:700][  0]LogConfig: Setting CVar [[r.SSGI.Quality:3]]
[2021.11.29-12.04.53:700][  0]LogConfig: Setting CVar [[r.EmitterSpawnRateScale:1.0]]
[2021.11.29-12.04.53:700][  0]LogConfig: Setting CVar [[r.ParticleLightQuality:2]]
[2021.11.29-12.04.53:700][  0]LogConfig: Setting CVar [[r.SkyAtmosphere.AerialPerspectiveLUT.FastApplyOnOpaque:1 ; Always have FastSkyLUT 1 in this case to avoid wrong sky]]
[2021.11.29-12.04.53:700][  0]LogConfig: Setting CVar [[r.SkyAtmosphere.AerialPerspectiveLUT.SampleCountMaxPerSlice:4]]
[2021.11.29-12.04.53:700][  0]LogConfig: Setting CVar [[r.SkyAtmosphere.AerialPerspectiveLUT.DepthResolution:16.0]]
[2021.11.29-12.04.53:700][  0]LogConfig: Setting CVar [[r.SkyAtmosphere.FastSkyLUT:1]]
[2021.11.29-12.04.53:700][  0]LogConfig: Setting CVar [[r.SkyAtmosphere.FastSkyLUT.SampleCountMin:4.0]]
[2021.11.29-12.04.53:700][  0]LogConfig: Setting CVar [[r.SkyAtmosphere.FastSkyLUT.SampleCountMax:128.0]]
[2021.11.29-12.04.53:700][  0]LogConfig: Setting CVar [[r.SkyAtmosphere.SampleCountMin:4.0]]
[2021.11.29-12.04.53:700][  0]LogConfig: Setting CVar [[r.SkyAtmosphere.SampleCountMax:128.0]]
[2021.11.29-12.04.53:700][  0]LogConfig: Setting CVar [[r.SkyAtmosphere.TransmittanceLUT.UseSmallFormat:0]]
[2021.11.29-12.04.53:700][  0]LogConfig: Setting CVar [[r.SkyAtmosphere.TransmittanceLUT.SampleCount:10.0]]
[2021.11.29-12.04.53:700][  0]LogConfig: Setting CVar [[r.SkyAtmosphere.MultiScatteringLUT.SampleCount:15.0]]
[2021.11.29-12.04.53:700][  0]LogConfig: Setting CVar [[r.SkyLight.RealTimeReflectionCapture:1]]
[2021.11.29-12.04.53:700][  0]LogConfig: Applying CVar settings from Section [FoliageQuality@3] File [D:/fishgame2/fish/fishygame/Saved/Config/Windows/Scalability.ini]
[2021.11.29-12.04.53:700][  0]LogConfig: Setting CVar [[foliage.DensityScale:1.0]]
[2021.11.29-12.04.53:700][  0]LogConfig: Setting CVar [[grass.DensityScale:1.0]]
[2021.11.29-12.04.53:700][  0]LogConfig: Applying CVar settings from Section [ShadingQuality@3] File [D:/fishgame2/fish/fishygame/Saved/Config/Windows/Scalability.ini]
[2021.11.29-12.04.53:700][  0]LogConfig: Setting CVar [[r.HairStrands.SkyLighting.IntegrationType:2]]
[2021.11.29-12.04.53:700][  0]LogConfig: Setting CVar [[r.HairStrands.SkyAO.SampleCount:4]]
[2021.11.29-12.04.53:700][  0]LogConfig: Setting CVar [[r.HairStrands.Visibility.MSAA.SamplePerPixel:4]]
[2021.11.29-12.04.53:700][  0]LogInit: Selected Device Profile: [Windows]
[2021.11.29-12.04.53:700][  0]LogInit: Applying CVar settings loaded from the selected device profile: [Windows]
[2021.11.29-12.04.53:700][  0]LogHAL: Display: Platform has ~ 16 GB [17125572608 / 17179869184 / 16], which maps to Larger [LargestMinGB=32, LargerMinGB=12, DefaultMinGB=8, SmallerMinGB=6, SmallestMinGB=0)
[2021.11.29-12.04.53:700][  0]LogInit: Going up to parent DeviceProfile []
[2021.11.29-12.04.53:700][  0]LogConfig: Applying CVar settings from Section [ViewDistanceQuality@3] File [D:/fishgame2/fish/fishygame/Saved/Config/Windows/Scalability.ini]
[2021.11.29-12.04.53:700][  0]LogConfig: Setting CVar [[r.SkeletalMeshLODBias:0]]
[2021.11.29-12.04.53:700][  0]LogConfig: Setting CVar [[r.ViewDistanceScale:1.0]]
[2021.11.29-12.04.53:700][  0]LogConfig: Applying CVar settings from Section [AntiAliasingQuality@3] File [D:/fishgame2/fish/fishygame/Saved/Config/Windows/Scalability.ini]
[2021.11.29-12.04.53:700][  0]LogConfig: Setting CVar [[r.PostProcessAAQuality:4]]
[2021.11.29-12.04.53:700][  0]LogConfig: Applying CVar settings from Section [ShadowQuality@3] File [D:/fishgame2/fish/fishygame/Saved/Config/Windows/Scalability.ini]
[2021.11.29-12.04.53:700][  0]LogConfig: Setting CVar [[r.LightFunctionQuality:1]]
[2021.11.29-12.04.53:700][  0]LogConfig: Setting CVar [[r.ShadowQuality:5]]
[2021.11.29-12.04.53:700][  0]LogConfig: Setting CVar [[r.Shadow.CSM.MaxCascades:10]]
[2021.11.29-12.04.53:700][  0]LogConfig: Setting CVar [[r.Shadow.MaxResolution:2048]]
[2021.11.29-12.04.53:700][  0]LogConfig: Setting CVar [[r.Shadow.MaxCSMResolution:2048]]
[2021.11.29-12.04.53:700][  0]LogConfig: Setting CVar [[r.Shadow.RadiusThreshold:0.01]]
[2021.11.29-12.04.53:700][  0]LogConfig: Setting CVar [[r.Shadow.DistanceScale:1.0]]
[2021.11.29-12.04.53:700][  0]LogConfig: Setting CVar [[r.Shadow.CSM.TransitionScale:1.0]]
[2021.11.29-12.04.53:700][  0]LogConfig: Setting CVar [[r.Shadow.PreShadowResolutionFactor:1.0]]
[2021.11.29-12.04.53:700][  0]LogConfig: Setting CVar [[r.DistanceFieldShadowing:1]]
[2021.11.29-12.04.53:700][  0]LogConfig: Setting CVar [[r.DistanceFieldAO:1]]
[2021.11.29-12.04.53:700][  0]LogConfig: Setting CVar [[r.AOQuality:2]]
[2021.11.29-12.04.53:700][  0]LogConfig: Setting CVar [[r.VolumetricFog:1]]
[2021.11.29-12.04.53:700][  0]LogConfig: Setting CVar [[r.VolumetricFog.GridPixelSize:8]]
[2021.11.29-12.04.53:700][  0]LogConfig: Setting CVar [[r.VolumetricFog.GridSizeZ:128]]
[2021.11.29-12.04.53:700][  0]LogConfig: Setting CVar [[r.VolumetricFog.HistoryMissSupersampleCount:4]]
[2021.11.29-12.04.53:700][  0]LogConfig: Setting CVar [[r.LightMaxDrawDistanceScale:1]]
[2021.11.29-12.04.53:700][  0]LogConfig: Setting CVar [[r.CapsuleShadows:1]]
[2021.11.29-12.04.53:700][  0]LogConfig: Applying CVar settings from Section [PostProcessQuality@3] File [D:/fishgame2/fish/fishygame/Saved/Config/Windows/Scalability.ini]
[2021.11.29-12.04.53:700][  0]LogConfig: Setting CVar [[r.MotionBlurQuality:4]]
[2021.11.29-12.04.53:700][  0]LogConfig: Setting CVar [[r.AmbientOcclusionMipLevelFactor:0.4]]
[2021.11.29-12.04.53:700][  0]LogConfig: Setting CVar [[r.AmbientOcclusionMaxQuality:100]]
[2021.11.29-12.04.53:700][  0]LogConfig: Setting CVar [[r.AmbientOcclusionLevels:-1]]
[2021.11.29-12.04.53:700][  0]LogConfig: Setting CVar [[r.AmbientOcclusionRadiusScale:1.0]]
[2021.11.29-12.04.53:700][  0]LogConfig: Setting CVar [[r.DepthOfFieldQuality:2]]
[2021.11.29-12.04.53:700][  0]LogConfig: Setting CVar [[r.RenderTargetPoolMin:400]]
[2021.11.29-12.04.53:700][  0]LogConfig: Setting CVar [[r.LensFlareQuality:2]]
[2021.11.29-12.04.53:700][  0]LogConfig: Setting CVar [[r.SceneColorFringeQuality:1]]
[2021.11.29-12.04.53:700][  0]LogConfig: Setting CVar [[r.EyeAdaptationQuality:2]]
[2021.11.29-12.04.53:700][  0]LogConfig: Setting CVar [[r.BloomQuality:5]]
[2021.11.29-12.04.53:700][  0]LogConfig: Setting CVar [[r.FastBlurThreshold:100]]
[2021.11.29-12.04.53:700][  0]LogConfig: Setting CVar [[r.Upscale.Quality:3]]
[2021.11.29-12.04.53:700][  0]LogConfig: Setting CVar [[r.Tonemapper.GrainQuantization:1]]
[2021.11.29-12.04.53:700][  0]LogConfig: Setting CVar [[r.LightShaftQuality:1]]
[2021.11.29-12.04.53:700][  0]LogConfig: Setting CVar [[r.Filter.SizeScale:1]]
[2021.11.29-12.04.53:700][  0]LogConfig: Setting CVar [[r.Tonemapper.Quality:5]]
[2021.11.29-12.04.53:700][  0]LogConfig: Setting CVar [[r.DOF.Gather.AccumulatorQuality:1        ; higher gathering accumulator quality]]
[2021.11.29-12.04.53:700][  0]LogConfig: Setting CVar [[r.DOF.Gather.PostfilterMethod:1          ; Median3x3 postfilering method]]
[2021.11.29-12.04.53:700][  0]LogConfig: Setting CVar [[r.DOF.Gather.EnableBokehSettings:0       ; no bokeh simulation when gathering]]
[2021.11.29-12.04.53:700][  0]LogConfig: Setting CVar [[r.DOF.Gather.RingCount:4                 ; medium number of samples when gathering]]
[2021.11.29-12.04.53:700][  0]LogConfig: Setting CVar [[r.DOF.Scatter.ForegroundCompositing:1    ; additive foreground scattering]]
[2021.11.29-12.04.53:700][  0]LogConfig: Setting CVar [[r.DOF.Scatter.BackgroundCompositing:2    ; additive background scattering]]
[2021.11.29-12.04.53:700][  0]LogConfig: Setting CVar [[r.DOF.Scatter.EnableBokehSettings:1      ; bokeh simulation when scattering]]
[2021.11.29-12.04.53:700][  0]LogConfig: Setting CVar [[r.DOF.Scatter.MaxSpriteRatio:0.1         ; only a maximum of 10% of scattered bokeh]]
[2021.11.29-12.04.53:700][  0]LogConfig: Setting CVar [[r.DOF.Recombine.Quality:1                ; cheap slight out of focus]]
[2021.11.29-12.04.53:700][  0]LogConfig: Setting CVar [[r.DOF.Recombine.EnableBokehSettings:0    ; no bokeh simulation on slight out of focus]]
[2021.11.29-12.04.53:700][  0]LogConfig: Setting CVar [[r.DOF.TemporalAAQuality:1                ; more stable temporal accumulation]]
[2021.11.29-12.04.53:700][  0]LogConfig: Setting CVar [[r.DOF.Kernel.MaxForegroundRadius:0.025]]
[2021.11.29-12.04.53:700][  0]LogConfig: Setting CVar [[r.DOF.Kernel.MaxBackgroundRadius:0.025]]
[2021.11.29-12.04.53:700][  0]LogConfig: Applying CVar settings from Section [TextureQuality@3] File [D:/fishgame2/fish/fishygame/Saved/Config/Windows/Scalability.ini]
[2021.11.29-12.04.53:700][  0]LogConfig: Setting CVar [[r.Streaming.MipBias:0]]
[2021.11.29-12.04.53:700][  0]LogConfig: Setting CVar [[r.Streaming.AmortizeCPUToGPUCopy:0]]
[2021.11.29-12.04.53:700][  0]LogConfig: Setting CVar [[r.Streaming.MaxNumTexturesToStreamPerFrame:0]]
[2021.11.29-12.04.53:700][  0]LogConfig: Setting CVar [[r.Streaming.Boost:1]]
[2021.11.29-12.04.53:700][  0]LogConfig: Setting CVar [[r.MaxAnisotropy:8]]
[2021.11.29-12.04.53:700][  0]LogConfig: Setting CVar [[r.VT.MaxAnisotropy:8]]
[2021.11.29-12.04.53:700][  0]LogConfig: Setting CVar [[r.Streaming.LimitPoolSizeToVRAM:0]]
[2021.11.29-12.04.53:700][  0]LogConfig: Setting CVar [[r.Streaming.PoolSize:1000]]
[2021.11.29-12.04.53:700][  0]LogConfig: Setting CVar [[r.Streaming.MaxEffectiveScreenSize:0]]
[2021.11.29-12.04.53:701][  0]LogConfig: Applying CVar settings from Section [EffectsQuality@3] File [D:/fishgame2/fish/fishygame/Saved/Config/Windows/Scalability.ini]
[2021.11.29-12.04.53:701][  0]LogConfig: Setting CVar [[r.TranslucencyLightingVolumeDim:64]]
[2021.11.29-12.04.53:701][  0]LogConfig: Setting CVar [[r.RefractionQuality:2]]
[2021.11.29-12.04.53:701][  0]LogConfig: Setting CVar [[r.SSR.Quality:3]]
[2021.11.29-12.04.53:701][  0]LogConfig: Setting CVar [[r.SSR.HalfResSceneColor:0]]
[2021.11.29-12.04.53:701][  0]LogConfig: Setting CVar [[r.SceneColorFormat:4]]
[2021.11.29-12.04.53:701][  0]LogConfig: Setting CVar [[r.DetailMode:2]]
[2021.11.29-12.04.53:701][  0]LogConfig: Setting CVar [[r.TranslucencyVolumeBlur:1]]
[2021.11.29-12.04.53:701][  0]LogConfig: Setting CVar [[r.MaterialQualityLevel:1 ; High quality]]
[2021.11.29-12.04.53:701][  0]LogConfig: Setting CVar [[r.AnisotropicMaterials:1]]
[2021.11.29-12.04.53:701][  0]LogConfig: Setting CVar [[r.SSS.Scale:1]]
[2021.11.29-12.04.53:701][  0]LogConfig: Setting CVar [[r.SSS.SampleSet:2]]
[2021.11.29-12.04.53:701][  0]LogConfig: Setting CVar [[r.SSS.Quality:1]]
[2021.11.29-12.04.53:701][  0]LogConfig: Setting CVar [[r.SSS.HalfRes:0]]
[2021.11.29-12.04.53:701][  0]LogConfig: Setting CVar [[r.SSGI.Quality:3]]
[2021.11.29-12.04.53:701][  0]LogConfig: Setting CVar [[r.EmitterSpawnRateScale:1.0]]
[2021.11.29-12.04.53:701][  0]LogConfig: Setting CVar [[r.ParticleLightQuality:2]]
[2021.11.29-12.04.53:701][  0]LogConfig: Setting CVar [[r.SkyAtmosphere.AerialPerspectiveLUT.FastApplyOnOpaque:1 ; Always have FastSkyLUT 1 in this case to avoid wrong sky]]
[2021.11.29-12.04.53:701][  0]LogConfig: Setting CVar [[r.SkyAtmosphere.AerialPerspectiveLUT.SampleCountMaxPerSlice:4]]
[2021.11.29-12.04.53:701][  0]LogConfig: Setting CVar [[r.SkyAtmosphere.AerialPerspectiveLUT.DepthResolution:16.0]]
[2021.11.29-12.04.53:701][  0]LogConfig: Setting CVar [[r.SkyAtmosphere.FastSkyLUT:1]]
[2021.11.29-12.04.53:701][  0]LogConfig: Setting CVar [[r.SkyAtmosphere.FastSkyLUT.SampleCountMin:4.0]]
[2021.11.29-12.04.53:701][  0]LogConfig: Setting CVar [[r.SkyAtmosphere.FastSkyLUT.SampleCountMax:128.0]]
[2021.11.29-12.04.53:701][  0]LogConfig: Setting CVar [[r.SkyAtmosphere.SampleCountMin:4.0]]
[2021.11.29-12.04.53:701][  0]LogConfig: Setting CVar [[r.SkyAtmosphere.SampleCountMax:128.0]]
[2021.11.29-12.04.53:701][  0]LogConfig: Setting CVar [[r.SkyAtmosphere.TransmittanceLUT.UseSmallFormat:0]]
[2021.11.29-12.04.53:701][  0]LogConfig: Setting CVar [[r.SkyAtmosphere.TransmittanceLUT.SampleCount:10.0]]
[2021.11.29-12.04.53:701][  0]LogConfig: Setting CVar [[r.SkyAtmosphere.MultiScatteringLUT.SampleCount:15.0]]
[2021.11.29-12.04.53:701][  0]LogConfig: Setting CVar [[r.SkyLight.RealTimeReflectionCapture:1]]
[2021.11.29-12.04.53:701][  0]LogConfig: Applying CVar settings from Section [FoliageQuality@3] File [D:/fishgame2/fish/fishygame/Saved/Config/Windows/Scalability.ini]
[2021.11.29-12.04.53:701][  0]LogConfig: Setting CVar [[foliage.DensityScale:1.0]]
[2021.11.29-12.04.53:701][  0]LogConfig: Setting CVar [[grass.DensityScale:1.0]]
[2021.11.29-12.04.53:701][  0]LogConfig: Applying CVar settings from Section [ShadingQuality@3] File [D:/fishgame2/fish/fishygame/Saved/Config/Windows/Scalability.ini]
[2021.11.29-12.04.53:701][  0]LogConfig: Setting CVar [[r.HairStrands.SkyLighting.IntegrationType:2]]
[2021.11.29-12.04.53:701][  0]LogConfig: Setting CVar [[r.HairStrands.SkyAO.SampleCount:4]]
[2021.11.29-12.04.53:701][  0]LogConfig: Setting CVar [[r.HairStrands.Visibility.MSAA.SamplePerPixel:4]]
[2021.11.29-12.04.53:701][  0]LogConfig: Applying CVar settings from Section [Startup] File [../../../Engine/Config/ConsoleVariables.ini]
[2021.11.29-12.04.53:701][  0]LogConfig: Setting CVar [[net.UseAdaptiveNetUpdateFrequency:0]]
[2021.11.29-12.04.53:701][  0]LogConfig: Setting CVar [[p.chaos.AllowCreatePhysxBodies:1]]
[2021.11.29-12.04.53:701][  0]LogConfig: Setting CVar [[fx.SkipVectorVMBackendOptimizations:1]]
[2021.11.29-12.04.53:701][  0]LogConfig: Applying CVar settings from Section [ConsoleVariables] File [D:/fishgame2/fish/fishygame/Saved/Config/Windows/Engine.ini]
[2021.11.29-12.04.53:701][  0]LogConfig: Applying CVar settings from Section [ConsoleVariables] File [D:/fishgame2/fish/fishygame/Saved/Config/Windows/Editor.ini]
[2021.11.29-12.04.53:701][  0]LogInit: Computer: A22817X
[2021.11.29-12.04.53:701][  0]LogInit: User: ms05254929
[2021.11.29-12.04.53:701][  0]LogInit: CPU Page size=4096, Cores=6
[2021.11.29-12.04.53:701][  0]LogInit: High frequency timer resolution =10.000000 MHz
[2021.11.29-12.04.53:701][  0]LogMemory: Memory total: Physical=15.9GB (16GB approx)
[2021.11.29-12.04.53:701][  0]LogMemory: Platform Memory Stats for Windows
[2021.11.29-12.04.53:701][  0]LogMemory: Process Physical Memory: 144.34 MB used, 144.34 MB peak
[2021.11.29-12.04.53:701][  0]LogMemory: Process Virtual Memory: 115.45 MB used, 115.45 MB peak
[2021.11.29-12.04.53:702][  0]LogMemory: Physical Memory: 6598.74 MB used,  9733.48 MB free, 16332.22 MB total
[2021.11.29-12.04.53:702][  0]LogMemory: Virtual Memory: 134209752.00 MB used,  7976.18 MB free, 134217728.00 MB total
[2021.11.29-12.04.53:708][  0]LogWindows: WindowsPlatformFeatures enabled
[2021.11.29-12.04.53:748][  0]LogInit: Physics initialised using underlying interface: PhysX
[2021.11.29-12.04.53:748][  0]LogInit: Using OS detected language (en-US).
[2021.11.29-12.04.53:748][  0]LogInit: Using OS detected locale (en-GB).
[2021.11.29-12.04.53:751][  0]LogTextLocalizationManager: No specific localization for 'en-US' exists, so the 'en' localization will be used.
[2021.11.29-12.04.53:909][  0]LogInit: Setting process to per monitor DPI aware
[2021.11.29-12.04.53:924][  0]LogWindowsTextInputMethodSystem: Display: IME system deactivated.
[2021.11.29-12.04.53:942][  0]LogSlate: New Slate User Created.  User Index 0, Is Virtual User: 0
[2021.11.29-12.04.53:942][  0]LogSlate: Slate User Registered.  User Index 0, Is Virtual User: 0
[2021.11.29-12.04.54:353][  0]LogD3D11RHI: Loaded GFSDK_Aftermath_Lib.x64.dll
[2021.11.29-12.04.54:355][  0]LogHMD: Failed to initialize OpenVR with code 110
[2021.11.29-12.04.54:356][  0]LogD3D11RHI: D3D11 min allowed feature level: 11_0
[2021.11.29-12.04.54:356][  0]LogD3D11RHI: D3D11 max allowed feature level: 11_0
[2021.11.29-12.04.54:356][  0]LogD3D11RHI: D3D11 adapters:
[2021.11.29-12.04.54:428][  0]LogD3D11RHI:    0. 'NVIDIA GeForce GTX 1660' (Feature Level 11_0)
[2021.11.29-12.04.54:428][  0]LogD3D11RHI:       5991/0/8166 MB DedicatedVideo/DedicatedSystem/SharedSystem, Outputs:1, VendorId:0x10de
[2021.11.29-12.04.54:430][  0]LogD3D11RHI:    1. 'Microsoft Basic Render Driver' (Feature Level 11_0)
[2021.11.29-12.04.54:430][  0]LogD3D11RHI:       0/0/8166 MB DedicatedVideo/DedicatedSystem/SharedSystem, Outputs:0, VendorId:0x1414
[2021.11.29-12.04.54:430][  0]LogD3D11RHI: Chosen D3D11 Adapter: 0
[2021.11.29-12.04.54:439][  0]LogD3D11RHI: Creating new Direct3DDevice
[2021.11.29-12.04.54:439][  0]LogD3D11RHI:     GPU DeviceId: 0x2184 (for the marketing name, search the web for "GPU Device Id")
[2021.11.29-12.04.54:439][  0]LogWindows: EnumDisplayDevices:
[2021.11.29-12.04.54:439][  0]LogWindows:    0. 'NVIDIA GeForce GTX 1660' (P:1 D:1)
[2021.11.29-12.04.54:439][  0]LogWindows:    1. 'NVIDIA GeForce GTX 1660' (P:0 D:0)
[2021.11.29-12.04.54:439][  0]LogWindows:    2. 'NVIDIA GeForce GTX 1660' (P:0 D:0)
[2021.11.29-12.04.54:440][  0]LogWindows:    3. 'NVIDIA GeForce GTX 1660' (P:0 D:0)
[2021.11.29-12.04.54:440][  0]LogWindows: DebugString: FoundDriverCount:4 
[2021.11.29-12.04.54:440][  0]LogD3D11RHI:     Adapter Name: NVIDIA GeForce GTX 1660
[2021.11.29-12.04.54:440][  0]LogD3D11RHI:   Driver Version: 451.67 (internal:27.21.14.5167, unified:451.67)
[2021.11.29-12.04.54:440][  0]LogD3D11RHI:      Driver Date: 7-5-2020
[2021.11.29-12.04.54:440][  0]LogRHI: Texture pool is 4193 MB (70% of 5991 MB)
[2021.11.29-12.04.54:483][  0]LogD3D11RHI: RHI has support for 64 bit atomics
[2021.11.29-12.04.54:484][  0]LogD3D11RHI: Async texture creation enabled
[2021.11.29-12.04.54:484][  0]LogD3D11RHI: Array index from any shader is supported
[2021.11.29-12.04.54:496][  0]LogD3D11RHI: GPU Timing Frequency: 1000.000000 (Debug: 2 1)
[2021.11.29-12.04.54:541][  0]LogRHI: GeForceNow SDK initialized: 1
[2021.11.29-12.04.54:842][  0]LogTargetPlatformManager: Display: Loaded TargetPlatform 'AllDesktop'
[2021.11.29-12.04.54:864][  0]LogTargetPlatformManager: Display: Loaded TargetPlatform 'Android'
[2021.11.29-12.04.54:864][  0]LogTargetPlatformManager: Display: Loaded TargetPlatform 'Android_ASTC'
[2021.11.29-12.04.54:864][  0]LogTargetPlatformManager: Display: Loaded TargetPlatform 'Android_DXT'
[2021.11.29-12.04.54:864][  0]LogTargetPlatformManager: Display: Loaded TargetPlatform 'Android_ETC2'
[2021.11.29-12.04.54:864][  0]LogTargetPlatformManager: Display: Loaded TargetPlatform 'AndroidClient'
[2021.11.29-12.04.54:864][  0]LogTargetPlatformManager: Display: Loaded TargetPlatform 'Android_ASTCClient'
[2021.11.29-12.04.54:864][  0]LogTargetPlatformManager: Display: Loaded TargetPlatform 'Android_DXTClient'
[2021.11.29-12.04.54:864][  0]LogTargetPlatformManager: Display: Loaded TargetPlatform 'Android_ETC2Client'
[2021.11.29-12.04.54:864][  0]LogTargetPlatformManager: Display: Loaded TargetPlatform 'Android_Multi'
[2021.11.29-12.04.54:864][  0]LogTargetPlatformManager: Display: Loaded TargetPlatform 'Android_MultiClient'
[2021.11.29-12.04.54:888][  0]LogTargetPlatformManager: Display: Loaded TargetPlatform 'IOSClient'
[2021.11.29-12.04.54:888][  0]LogTargetPlatformManager: Display: Loaded TargetPlatform 'IOS'
[2021.11.29-12.04.54:900][  0]LogTargetPlatformManager: Display: Loaded TargetPlatform 'Linux'
[2021.11.29-12.04.54:906][  0]LogTargetPlatformManager: Display: Loaded TargetPlatform 'LinuxNoEditor'
[2021.11.29-12.04.54:912][  0]LogTargetPlatformManager: Display: Loaded TargetPlatform 'LinuxClient'
[2021.11.29-12.04.54:918][  0]LogTargetPlatformManager: Display: Loaded TargetPlatform 'LinuxServer'
[2021.11.29-12.04.54:929][  0]LogTargetPlatformManager: Display: Loaded TargetPlatform 'LinuxAArch64NoEditor'
[2021.11.29-12.04.54:935][  0]LogTargetPlatformManager: Display: Loaded TargetPlatform 'LinuxAArch64Client'
[2021.11.29-12.04.54:942][  0]LogTargetPlatformManager: Display: Loaded TargetPlatform 'LinuxAArch64Server'
[2021.11.29-12.04.54:969][  0]LogTargetPlatformManager: Display: Loaded TargetPlatform 'Lumin'
[2021.11.29-12.04.54:969][  0]LogTargetPlatformManager: Display: Loaded TargetPlatform 'LuminClient'
[2021.11.29-12.04.54:979][  0]LogTargetPlatformManager: Display: Loaded TargetPlatform 'MacNoEditor'
[2021.11.29-12.04.54:985][  0]LogTargetPlatformManager: Display: Loaded TargetPlatform 'Mac'
[2021.11.29-12.04.54:991][  0]LogTargetPlatformManager: Display: Loaded TargetPlatform 'MacClient'
[2021.11.29-12.04.54:997][  0]LogTargetPlatformManager: Display: Loaded TargetPlatform 'MacServer'
[2021.11.29-12.04.55:009][  0]LogTargetPlatformManager: Display: Loaded TargetPlatform 'TVOSClient'
[2021.11.29-12.04.55:009][  0]LogTargetPlatformManager: Display: Loaded TargetPlatform 'TVOS'
[2021.11.29-12.04.55:020][  0]LogTargetPlatformManager: Display: Loaded TargetPlatform 'WindowsNoEditor'
[2021.11.29-12.04.55:026][  0]LogTargetPlatformManager: Display: Loaded TargetPlatform 'Windows'
[2021.11.29-12.04.55:032][  0]LogTargetPlatformManager: Display: Loaded TargetPlatform 'WindowsClient'
[2021.11.29-12.04.55:038][  0]LogTargetPlatformManager: Display: Loaded TargetPlatform 'WindowsServer'
[2021.11.29-12.04.55:038][  0]LogTargetPlatformManager: Display: Building Assets For Windows
[2021.11.29-12.04.55:051][  0]LogAudioDebug: Display: Lib vorbis DLL was dynamically loaded.
[2021.11.29-12.04.55:097][  0]LogTextureFormatOodle: Display: Oodle Texture 2.9.0 init RDO Off
[2021.11.29-12.04.55:145][  0]LogRendererCore: Ray tracing is disabled. Reason: r.RayTracing=0.
[2021.11.29-12.04.55:145][  0]LogShaderCompilers: Guid format shader working directory is 23 characters bigger than the processId version (D:/fishgame2/fish/fishygame/Intermediate/Shaders/WorkingDirectory/16832/).
[2021.11.29-12.04.55:145][  0]LogShaderCompilers: Cleaned the shader compiler working directory 'C:/Users/ms05254929/AppData/Local/Temp/UnrealShaderWorkingDir/1908AE8C469489100ED2E0A6B46DB0EF/'.
[2021.11.29-12.04.55:145][  0]LogXGEController: Cannot use XGE Controller as Incredibuild is not installed on this machine.
[2021.11.29-12.04.55:145][  0]LogShaderCompilers: Cannot use XGE Shader Compiler as Incredibuild is not installed on this machine.
[2021.11.29-12.04.55:145][  0]LogShaderCompilers: Display: Using Local Shader Compiler.
[2021.11.29-12.04.56:010][  0]LogDerivedDataCache: Display: Max Cache Size: 512 MB
[2021.11.29-12.04.56:056][  0]LogDerivedDataCache: Loaded boot cache 0.05s 97MB C:/Users/ms05254929/AppData/Local/UnrealEngine/4.27/DerivedDataCache/Boot.ddc.
[2021.11.29-12.04.56:056][  0]LogDerivedDataCache: Display: Loaded Boot cache: C:/Users/ms05254929/AppData/Local/UnrealEngine/4.27/DerivedDataCache/Boot.ddc
[2021.11.29-12.04.56:056][  0]LogDerivedDataCache: FDerivedDataBackendGraph:  Pak pak cache file D:/fishgame2/fish/fishygame/DerivedDataCache/DDC.ddp not found, will not use a pak cache.
[2021.11.29-12.04.56:056][  0]LogDerivedDataCache: Unable to find inner node Pak for hierarchical cache Hierarchy.
[2021.11.29-12.04.56:056][  0]LogDerivedDataCache: FDerivedDataBackendGraph:  CompressedPak pak cache file D:/fishgame2/fish/fishygame/DerivedDataCache/Compressed.ddp not found, will not use a pak cache.
[2021.11.29-12.04.56:056][  0]LogDerivedDataCache: Unable to find inner node CompressedPak for hierarchical cache Hierarchy.
[2021.11.29-12.04.56:072][  0]LogDerivedDataCache: Display: Pak cache opened for reading ../../../Engine/DerivedDataCache/Compressed.ddp.
[2021.11.29-12.04.56:072][  0]LogDerivedDataCache: FDerivedDataBackendGraph:  EnterprisePak pak cache file ../../../Enterprise/DerivedDataCache/Compressed.ddp not found, will not use a pak cache.
[2021.11.29-12.04.56:072][  0]LogDerivedDataCache: Unable to find inner node EnterprisePak for hierarchical cache Hierarchy.
[2021.11.29-12.04.56:084][  0]LogDerivedDataCache: Speed tests for C:/Users/ms05254929/AppData/Local/UnrealEngine/Common/DerivedDataCache took 0.01 seconds
[2021.11.29-12.04.56:084][  0]LogDerivedDataCache: Display: Performance to C:/Users/ms05254929/AppData/Local/UnrealEngine/Common/DerivedDataCache: Latency=0.01ms. RandomReadSpeed=226.83MBs, RandomWriteSpeed=118.28MBs. Assigned SpeedClass 'Local'
[2021.11.29-12.04.56:085][  0]LogDerivedDataCache: Using Local data cache path C:/Users/ms05254929/AppData/Local/UnrealEngine/Common/DerivedDataCache: Writable
[2021.11.29-12.04.56:085][  0]LogDerivedDataCache: Shared data cache path not found in *engine.ini, will not use an Shared cache.
[2021.11.29-12.04.56:085][  0]LogDerivedDataCache: Unable to find inner node Shared for hierarchical cache Hierarchy.
[2021.11.29-12.04.56:126][  0]LogSlate: Using FreeType 2.10.0
[2021.11.29-12.04.56:128][  0]LogSlate: SlateFontServices - WITH_FREETYPE: 1, WITH_HARFBUZZ: 1
[2021.11.29-12.04.56:161][  0]LogAssetRegistry: FAssetRegistry took 0.0025 seconds to start up
[2021.11.29-12.04.56:378][  0]LogInit: Selected Device Profile: [Windows]
[2021.11.29-12.04.56:378][  0]LogInit: Active device profile: [0000020882787A00][0000020881FFC140 49] Windows
[2021.11.29-12.04.56:378][  0]LogInit: Profiles: [0000020882787A00][0000020881FFC140 49] Windows, [0000020882744800][00000208833DA2C0 49] WindowsNoEditor, [0000020882784700][00000208833DE440 49] WindowsServer, [0000020882747900][00000208833D6580 49] WindowsClient, [0000020882787800][00000208FC0F86C0 49] IOS, [0000020882744B00][00000208FC116800 49] iPadAir, [0000020882784A00][0000020881E6A940 49] iPadAir2, [00000208826FCA00][0000020881F8EC00 49] IPadPro, [00000208826FCB00][0000020881F6AC40 49] iPadAir3, [0000020882787500][0000020881F92DC0 49] iPadAir4, [00000208826FFE00][0000020881F96F40 49] iPadMini2, [0000020882784B00][00000208FE9810C0 49] iPadMini3, [00000208826FD600][00000208F9787240 49] iPadMini4, [0000020882786F00][00000208FF8E73C0 49] iPadMini5, [0000020882746F00][00000208FF8EF680 49] iPhone6, [0000020882746E00][00000208FF8EB6C0 49] iPodTouch6, [00000208826FD500][0000020883191980 49] iPhone7, [00000208826FF300][00000208831699C0 49] iPodTouch7, [0000020882747E00][00000208831B1B40 49] iPhone5S, [00000208826FEE00][00000208832CE140 49] iPhone6Plus, [0000020882746600][00000208832DC2C0 49] iPhone6S, [00000208826FEB00][00000208832E0440 49] iPhone6SPlus, [0000020882744F00][00000208832E45C0 49] iPhone7Plus, [00000208826FE300][00000208832E8740 49] iPhoneSE, [0000020882746100][0000020881F66880 49] iPhone8, [00000208826FE600][00000208832EC9C0 49] iPhone8Plus, [0000020882744D00][00000208832F0B00 49] iPhoneX, [00000208826FD800][00000208F971EC80 49] iPhoneXS, [0000020882745E00][00000208F9722E00 49] iPhoneXSMax, [00000208826FFA00][00000208F9726F80 49] iPhoneXR, [0000020882745700][00000208F9733100 49] iPhone11, [00000208826FC600][00000208F9737280 49] iPhone11Pro, [0000020882745000][00000208F973B400 49] iPhone11ProMax, [00000208826FF900][00000208F9743580 49] iPhoneSE2, [0000020882746A00][00000208F9747700 49] iPhone12Mini, [00000208826FCE00][00000208F974F880 49] iPhone12, [0000020882747500][00000208F9753A00 49] iPhone12Pro, [00000208826FE700][00000208F973FB80 49] iPhone12ProMax, [0000020882744C00][0000020881F6E180 49] iPadPro105, [00000208826FDB00][00000208F974A300 49] iPadPro129, [0000020882747400][0000020881F7E480 49] iPadPro97, [00000208826FF200][0000020881F82600 49] iPadPro2_129, [0000020882746700][0000020881F86780 49] iPad5, [00000208826FF800][0000020881F8A900 49] iPad6, [0000020882747200][00000208F971AA40 49] iPad7, [00000208826FD400][0000020883164B80 49] iPad8, [0000020882746300][0000020883408CC0 49] iPadPro11, [00000208826FE100][0000020881E22E40 49] iPadPro2_11, [0000020882744200][0000020881E26FC0 49] iPadPro3_129, [00000208826FD100][0000020881E2B140 49] iPadPro4_129, [0000020882747F00][0000020881E2F2C0 49] AppleTV, [00000208826FF000][0000020881E33440 49] AppleTV4K, [0000020882747600][0000020881E375C0 49] TVOS, [00000208826FC500][0000020881E3B740 49] Mac, [0000020882746200][0000020881E3F8C0 49] MacClient, [00000208826FC900][0000020881E43A40 49] MacNoEditor, [0000020882744100][0000020881E47BC0 49] MacServer, [00000208826FF100][00000208FF8401C0 49] Linux, [0000020882745800][00000208FF844340 49] LinuxAArch64, [00000208826FC800][00000208FF8484C0 49] LinuxNoEditor, [0000020882746900][00000208FF84C640 49] LinuxAArch64NoEditor, [00000208826FD700][00000208FF8507C0 49] LinuxClient, [0000020882745B00][00000208FF854940 49] LinuxAArch64Client, [00000208826FE800][00000208FF858AC0 49] LinuxServer, [0000020882745100][000002088340CC00 49] LinuxAArch64Server, [0000020882785300][00000208FF85CD40 49] Android, [00000208827D2400][00000208FF860E80 49] Android_Low, [0000020882787C00][00000208FF864FC0 49] Android_Mid, [00000208827D1E00][00000208FF86D140 49] Android_High, [0000020882785E00][00000208FF8712C0 49] Android_Default, [00000208827D2900][00000208FF875440 49] Android_Adreno4xx, [0000020882786700][00000208FF8795C0 49] Android_Adreno5xx_Low, [00000208827D1500][00000208FF87D740 49] Android_Adreno5xx, [0000020882785D00][00000208FF8818C0 49] Android_Adreno6xx, [00000208827D0D00][00000208FF885A40 49] Android_Adreno6xx_Vulkan, [0000020882785500][00000208FF889BC0 49] Android_Mali_T6xx, [00000208827D1900][00000208FF88C1C0 49] Android_Mali_T7xx, [0000020882785C00][00000208FF890340 49] Android_Mali_T8xx, [00000208827D1400][00000208FF8944C0 49] Android_Mali_G71, [0000020882784500][00000208FF898640 49] Android_Mali_G72, [00000208827D0400][00000208FF89C7C0 49] Android_Mali_G72_Vulkan, [0000020882784D00][00000208FF8A0940 49] Android_Mali_G76, [00000208827D2000][00000208FF8A4AC0 49] Android_Mali_G76_Vulkan, [0000020882786200][00000208FF8A8C40 49] Android_Mali_G77, [00000208827D1C00][00000208FF868D80 49] Android_Mali_G77_Vulkan, [0000020882745F00][00000208FF8ACEC0 49] Android_Mali_G78, [00000208826FD900][00000208FF8B1000 49] Android_Mali_G78_Vulkan, [0000020882747C00][00000208FF8B5140 49] Android_Mali_G710, [00000208826FC400][00000208FF8BD2C0 49] Android_Mali_G710_Vulkan, [0000020882745300][00000208FF8C1440 49] Android_Vulkan_SM5, [00000208827D0300][00000208FF8C55C0 49] Android_PowerVR_G6xxx, [0000020882746D00][00000208FF8C9740 49] Android_PowerVR_GT7xxx, [00000208827D1600][00000208FF8CD8C0 49] Android_PowerVR_GE8xxx, [0000020882744E00][00000208FF8D1A40 49] Android_PowerVR_GM9xxx, [00000208827D2200][000002088304DBC0 49] Android_PowerVR_GM9xxx_Vulkan, [0000020882747A00][00000208830501C0 49] Android_TegraK1, [00000208827D0B00][0000020883054340 49] Android_Unknown_Vulkan, [0000020882745500][00000208830584C0 49] Lumin, [00000208827D0100][000002088305C640 49] Lumin_Desktop, [0000020882744500][00000208830607C0 49] HoloLens, 
[2021.11.29-12.04.56:520][  0]LogMeshReduction: Using QuadricMeshReduction for automatic static mesh reduction
[2021.11.29-12.04.56:520][  0]LogMeshReduction: Using SimplygonMeshReduction for automatic skeletal mesh reduction
[2021.11.29-12.04.56:520][  0]LogMeshReduction: Using ProxyLODMeshReduction for automatic mesh merging
[2021.11.29-12.04.56:520][  0]LogMeshReduction: No distributed automatic mesh merging module available
[2021.11.29-12.04.56:520][  0]LogMeshMerging: No distributed automatic mesh merging module available
[2021.11.29-12.04.56:542][  0]LogNetVersion: fishygame 1.0.0, NetCL: 17155196, EngineNetVer: 17, GameNetVer: 0 (Checksum: 4106946168)
[2021.11.29-12.04.57:058][  0]LogTexture: Default maximum texture size for cubemaps generated from long-lat sources has been changed from 512 to unlimited. In order to preserve old behaiour for '/Engine/MapTemplates/Sky/DaylightAmbientCubemap.DaylightAmbientCubemap', its maximum texture size has been explicitly set to 512.
[2021.11.29-12.04.57:115][  0]LogHMD: PokeAHoleMaterial loaded successfully
[2021.11.29-12.04.57:121][  0]LogUObjectArray: 17178 objects as part of root set at end of initial load.
[2021.11.29-12.04.57:121][  0]LogUObjectAllocator: 4301856 out of 0 bytes used by permanent object pool.
[2021.11.29-12.04.57:121][  0]LogUObjectArray: CloseDisregardForGC: 0/0 objects in disregard for GC pool
[2021.11.29-12.04.57:486][  0]LogNiagaraDebuggerClient: Niagara Debugger Client Initialized | Session: 3C9E18144CD4F03C1AD213B2FC2384A7 | Instance: 34E9A81B45A8DE84D9D3908EC0843DD0 (A22817X-16832).
[2021.11.29-12.04.57:527][  0]LogStreaming: Warning: Failed to read file '../../../Engine/Content/Editor/Slate/Niagara/MenuSeparator.png' error.
[2021.11.29-12.04.57:527][  0]LogSlate: Could not find file for Slate resource: ../../../Engine/Content/Editor/Slate/Niagara/MenuSeparator.png
[2021.11.29-12.04.57:527][  0]LogStreaming: Warning: Failed to read file '../../../Engine/Content/Editor/Slate/Niagara/Common/Selector.png' error.
[2021.11.29-12.04.57:527][  0]LogSlate: Could not find file for Slate resource: ../../../Engine/Content/Editor/Slate/Niagara/Common/Selector.png
[2021.11.29-12.04.57:527][  0]LogStreaming: Warning: Failed to read file '../../../Engine/Content/Editor/Slate/Niagara/Common/Selection.png' error.
[2021.11.29-12.04.57:527][  0]LogSlate: Could not find file for Slate resource: ../../../Engine/Content/Editor/Slate/Niagara/Common/Selection.png
[2021.11.29-12.04.57:527][  0]LogStreaming: Warning: Failed to read file '../../../Engine/Content/Editor/Slate/Niagara/Common/DropZoneIndicator_Onto.png' error.
[2021.11.29-12.04.57:527][  0]LogSlate: Could not find file for Slate resource: ../../../Engine/Content/Editor/Slate/Niagara/Common/DropZoneIndicator_Onto.png
[2021.11.29-12.04.57:527][  0]LogStreaming: Warning: Failed to read file '../../../Engine/Content/Editor/Slate/Niagara/Common/DropZoneIndicator_Above.png' error.
[2021.11.29-12.04.57:527][  0]LogSlate: Could not find file for Slate resource: ../../../Engine/Content/Editor/Slate/Niagara/Common/DropZoneIndicator_Above.png
[2021.11.29-12.04.57:527][  0]LogStreaming: Warning: Failed to read file '../../../Engine/Content/Editor/Slate/Niagara/Common/DropZoneIndicator_Below.png' error.
[2021.11.29-12.04.57:527][  0]LogSlate: Could not find file for Slate resource: ../../../Engine/Content/Editor/Slate/Niagara/Common/DropZoneIndicator_Below.png
[2021.11.29-12.04.57:527][  0]LogStreaming: Warning: Failed to read file '../../../Engine/Content/Editor/Slate/Niagara/Common/RoundedSelection_16x.png' error.
[2021.11.29-12.04.57:527][  0]LogSlate: Could not find file for Slate resource: ../../../Engine/Content/Editor/Slate/Niagara/Common/RoundedSelection_16x.png
[2021.11.29-12.04.57:527][  0]LogStreaming: Warning: Failed to read file '../../../Engine/Content/Editor/Slate/Niagara/Common/FlatButton.png' error.
[2021.11.29-12.04.57:527][  0]LogSlate: Could not find file for Slate resource: ../../../Engine/Content/Editor/Slate/Niagara/Common/FlatButton.png
[2021.11.29-12.04.57:528][  0]LogImageWrapper: Warning: PNG Warning: Duplicate iCCP chunk
[2021.11.29-12.04.57:528][  0]LogImageWrapper: Warning: PNG Warning: Duplicate iCCP chunk
[2021.11.29-12.04.57:528][  0]LogPython: Using Python 3.7.7
[2021.11.29-12.04.58:105][  0]LogTcpMessaging: Initializing TcpMessaging bridge
[2021.11.29-12.04.58:111][  0]LogUdpMessaging: Initializing bridge on interface 0.0.0.0:0 to multicast group 230.0.0.1:6666.
[2021.11.29-12.04.58:323][  0]SourceControl: Source control is disabled
[2021.11.29-12.04.58:808][  0]LogUProjectInfo: Found projects:
[2021.11.29-12.04.59:102][  0]LogOpenImageDenoise: OIDN starting up
[2021.11.29-12.04.59:163][  0]LogAndroidPermission: UAndroidPermissionCallbackProxy::GetInstance
[2021.11.29-12.04.59:196][  0]LogAudioCaptureCore: Display: No Audio Capture implementations found. Audio input will be silent.
[2021.11.29-12.04.59:196][  0]LogAudioCaptureCore: Display: No Audio Capture implementations found. Audio input will be silent.
[2021.11.29-12.04.59:372][  0]LogCollectionManager: Loaded 0 collections in 0.001179 seconds
[2021.11.29-12.04.59:401][  0]LogFileCache: Scanning file cache for directory 'D:/fishgame2/fish/fishygame/Saved/Collections/' took 0.00s
[2021.11.29-12.04.59:401][  0]LogFileCache: Scanning file cache for directory 'D:/fishgame2/fish/fishygame/Content/Developers/ms05254929/Collections/' took 0.00s
[2021.11.29-12.04.59:401][  0]LogFileCache: Scanning file cache for directory 'D:/fishgame2/fish/fishygame/Content/Collections/' took 0.00s
[2021.11.29-12.04.59:401][  0]LogOcInput: OculusInput pre-init called
[2021.11.29-12.04.59:745][  0]LogStreaming: Warning: Failed to read file '../../../Engine/Content/Editor/Slate/Niagara/MenuSeparator.png' error.
[2021.11.29-12.04.59:745][  0]LogSlate: Could not find file for Slate resource: ../../../Engine/Content/Editor/Slate/Niagara/MenuSeparator.png
[2021.11.29-12.04.59:745][  0]LogStreaming: Warning: Failed to read file '../../../Engine/Content/Editor/Slate/Niagara/Common/Selector.png' error.
[2021.11.29-12.04.59:745][  0]LogSlate: Could not find file for Slate resource: ../../../Engine/Content/Editor/Slate/Niagara/Common/Selector.png
[2021.11.29-12.04.59:745][  0]LogStreaming: Warning: Failed to read file '../../../Engine/Content/Editor/Slate/Niagara/Common/Selection.png' error.
[2021.11.29-12.04.59:745][  0]LogSlate: Could not find file for Slate resource: ../../../Engine/Content/Editor/Slate/Niagara/Common/Selection.png
[2021.11.29-12.04.59:745][  0]LogStreaming: Warning: Failed to read file '../../../Engine/Content/Editor/Slate/Niagara/Common/DropZoneIndicator_Above.png' error.
[2021.11.29-12.04.59:745][  0]LogSlate: Could not find file for Slate resource: ../../../Engine/Content/Editor/Slate/Niagara/Common/DropZoneIndicator_Above.png
[2021.11.29-12.04.59:745][  0]LogStreaming: Warning: Failed to read file '../../../Engine/Content/Editor/Slate/Niagara/Common/DropZoneIndicator_Onto.png' error.
[2021.11.29-12.04.59:745][  0]LogSlate: Could not find file for Slate resource: ../../../Engine/Content/Editor/Slate/Niagara/Common/DropZoneIndicator_Onto.png
[2021.11.29-12.04.59:745][  0]LogStreaming: Warning: Failed to read file '../../../Engine/Content/Editor/Slate/Niagara/Common/DropZoneIndicator_Below.png' error.
[2021.11.29-12.04.59:745][  0]LogSlate: Could not find file for Slate resource: ../../../Engine/Content/Editor/Slate/Niagara/Common/DropZoneIndicator_Below.png
[2021.11.29-12.04.59:745][  0]LogStreaming: Warning: Failed to read file '../../../Engine/Content/Editor/Slate/Niagara/Common/RoundedSelection_16x.png' error.
[2021.11.29-12.04.59:745][  0]LogSlate: Could not find file for Slate resource: ../../../Engine/Content/Editor/Slate/Niagara/Common/RoundedSelection_16x.png
[2021.11.29-12.04.59:745][  0]LogStreaming: Warning: Failed to read file '../../../Engine/Content/Editor/Slate/Niagara/Common/FlatButton.png' error.
[2021.11.29-12.04.59:745][  0]LogSlate: Could not find file for Slate resource: ../../../Engine/Content/Editor/Slate/Niagara/Common/FlatButton.png
[2021.11.29-12.04.59:745][  0]LogImageWrapper: Warning: PNG Warning: Duplicate iCCP chunk
[2021.11.29-12.04.59:745][  0]LogImageWrapper: Warning: PNG Warning: Duplicate iCCP chunk
[2021.11.29-12.04.59:745][  0]LogEngine: Initializing Engine...
[2021.11.29-12.04.59:748][  0]LogHMD: Failed to enumerate extensions. Please check that you have a valid OpenXR runtime installed.
[2021.11.29-12.04.59:748][  0]LogHMD: Failed to initialize OpenVR with code 110
[2021.11.29-12.04.59:748][  0]LogMagicLeap: Warning: VR disabled because ZI is not enabled.  To enable, in the editor, Edit -> Project Settings -> Plugins -> Magic Leap Plugin -> Enable Zero Iteration
[2021.11.29-12.04.59:749][  0]LogStats: UGameplayTagsManager::InitializeManager -  0.000 s
[2021.11.29-12.04.59:880][  0]LogInit: Initializing FReadOnlyCVARCache
[2021.11.29-12.04.59:890][  0]LogAIModule: Creating AISystem for world Untitled
[2021.11.29-12.04.59:894][  0]LogAudio: Display: Initializing Audio Device Manager...
[2021.11.29-12.04.59:901][  0]LogAudio: Display: Loading Default Audio Settings Objects...
[2021.11.29-12.04.59:902][  0]LogAudio: Display: No default SoundConcurrencyObject specified (or failed to load).
[2021.11.29-12.04.59:902][  0]LogAudio: Display: Audio Device Manager Initialized
[2021.11.29-12.04.59:902][  0]LogAudio: Display: Creating Audio Device:                 Id: 1, Scope: Shared, Realtime: True
[2021.11.29-12.04.59:902][  0]LogAudioMixer: Display: Audio Mixer Platform Settings:
[2021.11.29-12.04.59:902][  0]LogAudioMixer: Display: 	Sample Rate:						  48000
[2021.11.29-12.04.59:902][  0]LogAudioMixer: Display: 	Callback Buffer Frame Size Requested: 1024
[2021.11.29-12.04.59:902][  0]LogAudioMixer: Display: 	Callback Buffer Frame Size To Use:	  1024
[2021.11.29-12.04.59:902][  0]LogAudioMixer: Display: 	Number of buffers to queue:			  2
[2021.11.29-12.04.59:902][  0]LogAudioMixer: Display: 	Max Channels (voices):				  32
[2021.11.29-12.04.59:902][  0]LogAudioMixer: Display: 	Number of Async Source Workers:		  0
[2021.11.29-12.04.59:902][  0]LogAudio: Display: AudioDevice MaxSources: 32
[2021.11.29-12.04.59:902][  0]LogAudio: Display: Audio Spatialization Plugin: None (built-in).
[2021.11.29-12.04.59:902][  0]LogAudio: Display: Audio Reverb Plugin: None (built-in).
[2021.11.29-12.04.59:903][  0]LogAudio: Display: Audio Occlusion Plugin: None (built-in).
[2021.11.29-12.04.59:903][  0]LogAudioMixer: Display: Initializing audio mixer.
[2021.11.29-12.04.59:910][  0]LogAudioMixer: Display: Using Audio Device Unknown
[2021.11.29-12.04.59:913][  0]LogAudioMixer: Display: Initializing Sound Submixes...
[2021.11.29-12.04.59:919][  0]LogAudioMixer: Display: Creating Master Submix 'MasterSubmixDefault'
[2021.11.29-12.04.59:919][  0]LogAudioMixer: Display: Creating Master Submix 'MasterReverbSubmixDefault'
[2021.11.29-12.04.59:920][  0]LogAudioMixer: Display: Creating Master Submix 'MasterEQSubmixDefault'
[2021.11.29-12.04.59:920][  0]LogAudioMixer: FMixerPlatformXAudio2::StartAudioStream() called
[2021.11.29-12.04.59:920][  0]LogAudioMixer: Display: Output buffers initialized: Frames=1024, Channels=2, Samples=2048
[2021.11.29-12.04.59:921][  0]LogAudioMixer: Display: Starting AudioMixerPlatformInterface::RunInternal()
[2021.11.29-12.04.59:921][  0]LogAudioMixer: Display: StartRunningNullDevice() called
[2021.11.29-12.04.59:921][  0]LogInit: FAudioDevice initialized.
[2021.11.29-12.04.59:921][  0]LogAudio: Display: Audio Device (ID: 1) registered with world 'Untitled'.
[2021.11.29-12.04.59:921][  0]LogNetVersion: Set ProjectVersion to 1.0.0.0. Version Checksum will be recalculated on next use.
[2021.11.29-12.05.00:004][  0]LogDerivedDataCache: Saved boot cache 0.08s 95MB C:/Users/ms05254929/AppData/Local/UnrealEngine/4.27/DerivedDataCache/Boot.ddc.
[2021.11.29-12.05.00:004][  0]LogInit: Texture streaming: Enabled
[2021.11.29-12.05.00:021][  0]LogAnalytics: Display: [UEEditor.Rocket.Release] APIServer = https://datarouter.ol.epicgames.com/. AppVersion = 4.27.0-17155196+++UE4+Release-4.27
[2021.11.29-12.05.00:030][  0]LogEngineSessionManager: EngineSessionManager initialized
[2021.11.29-12.05.00:030][  0]LogEditorSessionSummary: Verbose: Initializing EditorSessionSummaryWriter for editor session tracking
[2021.11.29-12.05.00:041][  0]LogEditorSessionSummary: EditorSessionSummaryWriter initialized
[2021.11.29-12.05.00:091][  0]LogInit: Transaction tracking system initialized
[2021.11.29-12.05.00:123][  0]BlueprintLog: New page: Editor Load
[2021.11.29-12.05.00:213][  0]LocalizationService: Localization service is disabled
[2021.11.29-12.05.00:252][  0]TimingProfiler: Initialize
[2021.11.29-12.05.00:252][  0]TimingProfiler: OnSessionChanged
[2021.11.29-12.05.00:252][  0]LoadingProfiler: Initialize
[2021.11.29-12.05.00:252][  0]LoadingProfiler: OnSessionChanged
[2021.11.29-12.05.00:252][  0]NetworkingProfiler: Initialize
[2021.11.29-12.05.00:252][  0]NetworkingProfiler: OnSessionChanged
[2021.11.29-12.05.00:252][  0]MemoryProfiler: Initialize
[2021.11.29-12.05.00:252][  0]MemoryProfiler: OnSessionChanged
[2021.11.29-12.05.00:450][  0]LogCook: Display: CookSettings for Memory: MemoryMaxUsedVirtual 0MiB, MemoryMaxUsedPhysical 16384MiB, MemoryMinFreeVirtual 0MiB, MemoryMinFreePhysical 1024MiB
[2021.11.29-12.05.00:450][  0]LogCook: Display: Mobile HDR setting 1
[2021.11.29-12.05.00:715][  0]LogFileCache: Scanning file cache for directory 'D:/fishgame2/fish/fishygame/Content/' took 0.00s
[2021.11.29-12.05.01:004][  0]LogStreaming: Warning: Failed to read file '../../../Engine/Content/Editor/Slate/Niagara/MenuSeparator.png' error.
[2021.11.29-12.05.01:004][  0]LogSlate: Could not find file for Slate resource: ../../../Engine/Content/Editor/Slate/Niagara/MenuSeparator.png
[2021.11.29-12.05.01:004][  0]LogStreaming: Warning: Failed to read file '../../../Engine/Content/Editor/Slate/Niagara/Common/Selector.png' error.
[2021.11.29-12.05.01:004][  0]LogSlate: Could not find file for Slate resource: ../../../Engine/Content/Editor/Slate/Niagara/Common/Selector.png
[2021.11.29-12.05.01:004][  0]LogStreaming: Warning: Failed to read file '../../../Engine/Content/Editor/Slate/Niagara/Common/Selection.png' error.
[2021.11.29-12.05.01:004][  0]LogSlate: Could not find file for Slate resource: ../../../Engine/Content/Editor/Slate/Niagara/Common/Selection.png
[2021.11.29-12.05.01:004][  0]LogStreaming: Warning: Failed to read file '../../../Engine/Content/Editor/Slate/Niagara/Common/DropZoneIndicator_Above.png' error.
[2021.11.29-12.05.01:004][  0]LogSlate: Could not find file for Slate resource: ../../../Engine/Content/Editor/Slate/Niagara/Common/DropZoneIndicator_Above.png
[2021.11.29-12.05.01:004][  0]LogStreaming: Warning: Failed to read file '../../../Engine/Content/Editor/Slate/Niagara/Common/DropZoneIndicator_Onto.png' error.
[2021.11.29-12.05.01:004][  0]LogSlate: Could not find file for Slate resource: ../../../Engine/Content/Editor/Slate/Niagara/Common/DropZoneIndicator_Onto.png
[2021.11.29-12.05.01:004][  0]LogStreaming: Warning: Failed to read file '../../../Engine/Content/Editor/Slate/Niagara/Common/DropZoneIndicator_Below.png' error.
[2021.11.29-12.05.01:004][  0]LogSlate: Could not find file for Slate resource: ../../../Engine/Content/Editor/Slate/Niagara/Common/DropZoneIndicator_Below.png
[2021.11.29-12.05.01:004][  0]LogStreaming: Warning: Failed to read file '../../../Engine/Content/Editor/Slate/Niagara/Common/RoundedSelection_16x.png' error.
[2021.11.29-12.05.01:004][  0]LogSlate: Could not find file for Slate resource: ../../../Engine/Content/Editor/Slate/Niagara/Common/RoundedSelection_16x.png
[2021.11.29-12.05.01:004][  0]LogStreaming: Warning: Failed to read file '../../../Engine/Content/Editor/Slate/Niagara/Common/FlatButton.png' error.
[2021.11.29-12.05.01:004][  0]LogSlate: Could not find file for Slate resource: ../../../Engine/Content/Editor/Slate/Niagara/Common/FlatButton.png
[2021.11.29-12.05.01:004][  0]LogImageWrapper: Warning: PNG Warning: Duplicate iCCP chunk
[2021.11.29-12.05.01:004][  0]LogImageWrapper: Warning: PNG Warning: Duplicate iCCP chunk
[2021.11.29-12.05.01:004][  0]LogInit: Display: Engine is initialized. Leaving FEngineLoop::Init()
[2021.11.29-12.05.01:013][  0]LogUnrealEdMisc: Loading editor; pre map load, took 8.689
[2021.11.29-12.05.01:013][  0]Cmd: MAP LOAD FILE="D:/fishgame2/fish/fishygame/Content/FirstPersonBP/Maps/FirstPersonExampleMap.umap" TEMPLATE=0 SHOWPROGRESS=1 FEATURELEVEL=3
[2021.11.29-12.05.01:014][  0]LightingResults: New page: Lighting Build
[2021.11.29-12.05.01:055][  0]LogWorld: UWorld::CleanupWorld for Untitled, bSessionEnded=true, bCleanupResources=true
[2021.11.29-12.05.01:056][  0]LogSlate: InvalidateAllWidgets triggered.  All widgets were invalidated
[2021.11.29-12.05.01:056][  0]MapCheck: New page: Map Check
[2021.11.29-12.05.01:056][  0]LightingResults: New page: Lighting Build
[2021.11.29-12.05.01:072][  0]LogAudio: Display: Audio Device unregistered from world 'None'.
[2021.11.29-12.05.01:081][  0]LogUObjectHash: Compacting FUObjectHashTables data took   3.08ms
[2021.11.29-12.05.01:349][  0]LogTexture: Display: Building textures: DeprecatedTexture4E9A31EC459F824B7293D9A5960F381F (BGRA8, 128X128)
[2021.11.29-12.05.01:407][  0]LogAudio: Display: Audio Device (ID: 1) registered with world 'FirstPersonExampleMap'.
[2021.11.29-12.05.01:408][  0]LogAIModule: Creating AISystem for world FirstPersonExampleMap
[2021.11.29-12.05.01:416][  0]LogEditorServer: Finished looking for orphan Actors (0.000 secs)
[2021.11.29-12.05.01:423][  0]LogUObjectHash: Compacting FUObjectHashTables data took   0.79ms
[2021.11.29-12.05.01:423][  0]Cmd: MAP CHECKDEP NOCLEARLOG
[2021.11.29-12.05.01:423][  0]MapCheck: Map check complete: 0 Error(s), 0 Warning(s), took 0.077ms to complete.
[2021.11.29-12.05.01:423][  0]LogFileHelpers: Loading map 'FirstPersonExampleMap' took 0.410
[2021.11.29-12.05.01:425][  0]LogUnrealEdMisc: Total Editor Startup Time, took 9.101
[2021.11.29-12.05.01:565][  0]LogSlate: Updating window title bar state: overlay mode, drag disabled, window buttons hidden, title bar hidden
[2021.11.29-12.05.01:571][  0]LogSlate: Updating window title bar state: overlay mode, drag disabled, window buttons hidden, title bar hidden
[2021.11.29-12.05.01:577][  0]LogSlate: Updating window title bar state: overlay mode, drag disabled, window buttons hidden, title bar hidden
[2021.11.29-12.05.01:582][  0]LogSlate: Updating window title bar state: overlay mode, drag disabled, window buttons hidden, title bar hidden
[2021.11.29-12.05.01:601][  0]LogNativeClassHierarchy: Verbose: Native class hierarchy populated in 0.0083 seconds. Added 3822 classes and 928 folders.
[2021.11.29-12.05.01:603][  0]LogNativeClassHierarchy: Verbose: Native class hierarchy updated for 'WidgetCarousel' in 0.0002 seconds. Added 0 classes and 0 folders.
[2021.11.29-12.05.01:606][  0]LogPakFile: PakFile PrimaryIndexSize=187
[2021.11.29-12.05.01:606][  0]LogPakFile: PakFile PathHashIndexSize=101
[2021.11.29-12.05.01:606][  0]LogPakFile: PakFile FullDirectoryIndexSize=148
[2021.11.29-12.05.01:606][  0]LogShaderLibrary: Display: ShaderCodeLibraryPakFileMountedCallback: PakFile 'C:/Program Files/Epic Games/UE_4.27/FeaturePacks/FP_FirstPerson.upack' (chunk index -1, root 'root:/') mounted
[2021.11.29-12.05.01:606][  0]LogShaderLibrary: Display: ShaderCodeLibraryPakFileMountedCallback: pending pak file info (ChunkID:-1 Root:root:/ File:C:/Program Files/Epic Games/UE_4.27/FeaturePacks/FP_FirstPerson.upack)
[2021.11.29-12.05.01:606][  0]LogPakFile: OnPakFileMounted2Time == 0.000049
[2021.11.29-12.05.01:608][  0]LogPakFile: PakFile PrimaryIndexSize=189
[2021.11.29-12.05.01:608][  0]LogPakFile: PakFile PathHashIndexSize=101
[2021.11.29-12.05.01:608][  0]LogPakFile: PakFile FullDirectoryIndexSize=152
[2021.11.29-12.05.01:608][  0]LogShaderLibrary: Display: ShaderCodeLibraryPakFileMountedCallback: PakFile 'C:/Program Files/Epic Games/UE_4.27/FeaturePacks/FP_FirstPersonBP.upack' (chunk index -1, root 'root:/') mounted
[2021.11.29-12.05.01:608][  0]LogShaderLibrary: Display: ShaderCodeLibraryPakFileMountedCallback: pending pak file info (ChunkID:-1 Root:root:/ File:C:/Program Files/Epic Games/UE_4.27/FeaturePacks/FP_FirstPersonBP.upack)
[2021.11.29-12.05.01:608][  0]LogPakFile: OnPakFileMounted2Time == 0.000037
[2021.11.29-12.05.01:609][  0]LogPakFile: PakFile PrimaryIndexSize=191
[2021.11.29-12.05.01:609][  0]LogPakFile: PakFile PathHashIndexSize=101
[2021.11.29-12.05.01:609][  0]LogPakFile: PakFile FullDirectoryIndexSize=160
[2021.11.29-12.05.01:609][  0]LogShaderLibrary: Display: ShaderCodeLibraryPakFileMountedCallback: PakFile 'C:/Program Files/Epic Games/UE_4.27/FeaturePacks/MobileStarterContent.upack' (chunk index -1, root 'root:/') mounted
[2021.11.29-12.05.01:609][  0]LogShaderLibrary: Display: ShaderCodeLibraryPakFileMountedCallback: pending pak file info (ChunkID:-1 Root:root:/ File:C:/Program Files/Epic Games/UE_4.27/FeaturePacks/MobileStarterContent.upack)
[2021.11.29-12.05.01:609][  0]LogPakFile: OnPakFileMounted2Time == 0.000032
[2021.11.29-12.05.01:610][  0]LogPakFile: PakFile PrimaryIndexSize=185
[2021.11.29-12.05.01:610][  0]LogPakFile: PakFile PathHashIndexSize=101
[2021.11.29-12.05.01:610][  0]LogPakFile: PakFile FullDirectoryIndexSize=148
[2021.11.29-12.05.01:610][  0]LogShaderLibrary: Display: ShaderCodeLibraryPakFileMountedCallback: PakFile 'C:/Program Files/Epic Games/UE_4.27/FeaturePacks/StarterContent.upack' (chunk index -1, root 'root:/') mounted
[2021.11.29-12.05.01:610][  0]LogShaderLibrary: Display: ShaderCodeLibraryPakFileMountedCallback: pending pak file info (ChunkID:-1 Root:root:/ File:C:/Program Files/Epic Games/UE_4.27/FeaturePacks/StarterContent.upack)
[2021.11.29-12.05.01:610][  0]LogPakFile: OnPakFileMounted2Time == 0.000033
[2021.11.29-12.05.01:611][  0]LogPakFile: PakFile PrimaryIndexSize=190
[2021.11.29-12.05.01:611][  0]LogPakFile: PakFile PathHashIndexSize=101
[2021.11.29-12.05.01:611][  0]LogPakFile: PakFile FullDirectoryIndexSize=154
[2021.11.29-12.05.01:611][  0]LogShaderLibrary: Display: ShaderCodeLibraryPakFileMountedCallback: PakFile 'C:/Program Files/Epic Games/UE_4.27/FeaturePacks/TP_2DSideScroller.upack' (chunk index -1, root 'root:/') mounted
[2021.11.29-12.05.01:611][  0]LogShaderLibrary: Display: ShaderCodeLibraryPakFileMountedCallback: pending pak file info (ChunkID:-1 Root:root:/ File:C:/Program Files/Epic Games/UE_4.27/FeaturePacks/TP_2DSideScroller.upack)
[2021.11.29-12.05.01:611][  0]LogPakFile: OnPakFileMounted2Time == 0.000032
[2021.11.29-12.05.01:612][  0]LogPakFile: PakFile PrimaryIndexSize=192
[2021.11.29-12.05.01:612][  0]LogPakFile: PakFile PathHashIndexSize=101
[2021.11.29-12.05.01:612][  0]LogPakFile: PakFile FullDirectoryIndexSize=158
[2021.11.29-12.05.01:612][  0]LogShaderLibrary: Display: ShaderCodeLibraryPakFileMountedCallback: PakFile 'C:/Program Files/Epic Games/UE_4.27/FeaturePacks/TP_2DSideScrollerBP.upack' (chunk index -1, root 'root:/') mounted
[2021.11.29-12.05.01:612][  0]LogShaderLibrary: Display: ShaderCodeLibraryPakFileMountedCallback: pending pak file info (ChunkID:-1 Root:root:/ File:C:/Program Files/Epic Games/UE_4.27/FeaturePacks/TP_2DSideScrollerBP.upack)
[2021.11.29-12.05.01:612][  0]LogPakFile: OnPakFileMounted2Time == 0.000032
[2021.11.29-12.05.01:613][  0]LogPakFile: PakFile PrimaryIndexSize=182
[2021.11.29-12.05.01:613][  0]LogPakFile: PakFile PathHashIndexSize=101
[2021.11.29-12.05.01:613][  0]LogPakFile: PakFile FullDirectoryIndexSize=138
[2021.11.29-12.05.01:613][  0]LogShaderLibrary: Display: ShaderCodeLibraryPakFileMountedCallback: PakFile 'C:/Program Files/Epic Games/UE_4.27/FeaturePacks/TP_Flying.upack' (chunk index -1, root 'root:/') mounted
[2021.11.29-12.05.01:613][  0]LogShaderLibrary: Display: ShaderCodeLibraryPakFileMountedCallback: pending pak file info (ChunkID:-1 Root:root:/ File:C:/Program Files/Epic Games/UE_4.27/FeaturePacks/TP_Flying.upack)
[2021.11.29-12.05.01:613][  0]LogPakFile: OnPakFileMounted2Time == 0.000033
[2021.11.29-12.05.01:614][  0]LogPakFile: PakFile PrimaryIndexSize=184
[2021.11.29-12.05.01:614][  0]LogPakFile: PakFile PathHashIndexSize=101
[2021.11.29-12.05.01:614][  0]LogPakFile: PakFile FullDirectoryIndexSize=142
[2021.11.29-12.05.01:614][  0]LogShaderLibrary: Display: ShaderCodeLibraryPakFileMountedCallback: PakFile 'C:/Program Files/Epic Games/UE_4.27/FeaturePacks/TP_FlyingBP.upack' (chunk index -1, root 'root:/') mounted
[2021.11.29-12.05.01:615][  0]LogShaderLibrary: Display: ShaderCodeLibraryPakFileMountedCallback: pending pak file info (ChunkID:-1 Root:root:/ File:C:/Program Files/Epic Games/UE_4.27/FeaturePacks/TP_FlyingBP.upack)
[2021.11.29-12.05.01:615][  0]LogPakFile: OnPakFileMounted2Time == 0.000034
[2021.11.29-12.05.01:616][  0]LogPakFile: PakFile PrimaryIndexSize=188
[2021.11.29-12.05.01:616][  0]LogPakFile: PakFile PathHashIndexSize=101
[2021.11.29-12.05.01:616][  0]LogPakFile: PakFile FullDirectoryIndexSize=150
[2021.11.29-12.05.01:616][  0]LogShaderLibrary: Display: ShaderCodeLibraryPakFileMountedCallback: PakFile 'C:/Program Files/Epic Games/UE_4.27/FeaturePacks/TP_HandheldARBP.upack' (chunk index -1, root 'root:/') mounted
[2021.11.29-12.05.01:616][  0]LogShaderLibrary: Display: ShaderCodeLibraryPakFileMountedCallback: pending pak file info (ChunkID:-1 Root:root:/ File:C:/Program Files/Epic Games/UE_4.27/FeaturePacks/TP_HandheldARBP.upack)
[2021.11.29-12.05.01:616][  0]LogPakFile: OnPakFileMounted2Time == 0.000031
[2021.11.29-12.05.01:617][  0]LogPakFile: PakFile PrimaryIndexSize=182
[2021.11.29-12.05.01:617][  0]LogPakFile: PakFile PathHashIndexSize=101
[2021.11.29-12.05.01:617][  0]LogPakFile: PakFile FullDirectoryIndexSize=138
[2021.11.29-12.05.01:617][  0]LogShaderLibrary: Display: ShaderCodeLibraryPakFileMountedCallback: PakFile 'C:/Program Files/Epic Games/UE_4.27/FeaturePacks/TP_Puzzle.upack' (chunk index -1, root 'root:/') mounted
[2021.11.29-12.05.01:617][  0]LogShaderLibrary: Display: ShaderCodeLibraryPakFileMountedCallback: pending pak file info (ChunkID:-1 Root:root:/ File:C:/Program Files/Epic Games/UE_4.27/FeaturePacks/TP_Puzzle.upack)
[2021.11.29-12.05.01:617][  0]LogPakFile: OnPakFileMounted2Time == 0.000032
[2021.11.29-12.05.01:618][  0]LogPakFile: PakFile PrimaryIndexSize=184
[2021.11.29-12.05.01:618][  0]LogPakFile: PakFile PathHashIndexSize=101
[2021.11.29-12.05.01:618][  0]LogPakFile: PakFile FullDirectoryIndexSize=142
[2021.11.29-12.05.01:618][  0]LogShaderLibrary: Display: ShaderCodeLibraryPakFileMountedCallback: PakFile 'C:/Program Files/Epic Games/UE_4.27/FeaturePacks/TP_PuzzleBP.upack' (chunk index -1, root 'root:/') mounted
[2021.11.29-12.05.01:618][  0]LogShaderLibrary: Display: ShaderCodeLibraryPakFileMountedCallback: pending pak file info (ChunkID:-1 Root:root:/ File:C:/Program Files/Epic Games/UE_4.27/FeaturePacks/TP_PuzzleBP.upack)
[2021.11.29-12.05.01:618][  0]LogPakFile: OnPakFileMounted2Time == 0.000037
[2021.11.29-12.05.01:619][  0]LogPakFile: PakFile PrimaryIndexSize=183
[2021.11.29-12.05.01:619][  0]LogPakFile: PakFile PathHashIndexSize=101
[2021.11.29-12.05.01:619][  0]LogPakFile: PakFile FullDirectoryIndexSize=140
[2021.11.29-12.05.01:619][  0]LogShaderLibrary: Display: ShaderCodeLibraryPakFileMountedCallback: PakFile 'C:/Program Files/Epic Games/UE_4.27/FeaturePacks/TP_Rolling.upack' (chunk index -1, root 'root:/') mounted
[2021.11.29-12.05.01:619][  0]LogShaderLibrary: Display: ShaderCodeLibraryPakFileMountedCallback: pending pak file info (ChunkID:-1 Root:root:/ File:C:/Program Files/Epic Games/UE_4.27/FeaturePacks/TP_Rolling.upack)
[2021.11.29-12.05.01:619][  0]LogPakFile: OnPakFileMounted2Time == 0.000031
[2021.11.29-12.05.01:620][  0]LogPakFile: PakFile PrimaryIndexSize=185
[2021.11.29-12.05.01:620][  0]LogPakFile: PakFile PathHashIndexSize=101
[2021.11.29-12.05.01:620][  0]LogPakFile: PakFile FullDirectoryIndexSize=144
[2021.11.29-12.05.01:620][  0]LogShaderLibrary: Display: ShaderCodeLibraryPakFileMountedCallback: PakFile 'C:/Program Files/Epic Games/UE_4.27/FeaturePacks/TP_RollingBP.upack' (chunk index -1, root 'root:/') mounted
[2021.11.29-12.05.01:620][  0]LogShaderLibrary: Display: ShaderCodeLibraryPakFileMountedCallback: pending pak file info (ChunkID:-1 Root:root:/ File:C:/Program Files/Epic Games/UE_4.27/FeaturePacks/TP_RollingBP.upack)
[2021.11.29-12.05.01:620][  0]LogPakFile: OnPakFileMounted2Time == 0.000030
[2021.11.29-12.05.01:621][  0]LogPakFile: PakFile PrimaryIndexSize=188
[2021.11.29-12.05.01:621][  0]LogPakFile: PakFile PathHashIndexSize=101
[2021.11.29-12.05.01:621][  0]LogPakFile: PakFile FullDirectoryIndexSize=150
[2021.11.29-12.05.01:621][  0]LogShaderLibrary: Display: ShaderCodeLibraryPakFileMountedCallback: PakFile 'C:/Program Files/Epic Games/UE_4.27/FeaturePacks/TP_SideScroller.upack' (chunk index -1, root 'root:/') mounted
[2021.11.29-12.05.01:621][  0]LogShaderLibrary: Display: ShaderCodeLibraryPakFileMountedCallback: pending pak file info (ChunkID:-1 Root:root:/ File:C:/Program Files/Epic Games/UE_4.27/FeaturePacks/TP_SideScroller.upack)
[2021.11.29-12.05.01:621][  0]LogPakFile: OnPakFileMounted2Time == 0.000030
[2021.11.29-12.05.01:622][  0]LogPakFile: PakFile PrimaryIndexSize=190
[2021.11.29-12.05.01:622][  0]LogPakFile: PakFile PathHashIndexSize=101
[2021.11.29-12.05.01:622][  0]LogPakFile: PakFile FullDirectoryIndexSize=154
[2021.11.29-12.05.01:622][  0]LogShaderLibrary: Display: ShaderCodeLibraryPakFileMountedCallback: PakFile 'C:/Program Files/Epic Games/UE_4.27/FeaturePacks/TP_SideScrollerBP.upack' (chunk index -1, root 'root:/') mounted
[2021.11.29-12.05.01:622][  0]LogShaderLibrary: Display: ShaderCodeLibraryPakFileMountedCallback: pending pak file info (ChunkID:-1 Root:root:/ File:C:/Program Files/Epic Games/UE_4.27/FeaturePacks/TP_SideScrollerBP.upack)
[2021.11.29-12.05.01:622][  0]LogPakFile: OnPakFileMounted2Time == 0.000030
[2021.11.29-12.05.01:623][  0]LogPakFile: PakFile PrimaryIndexSize=187
[2021.11.29-12.05.01:623][  0]LogPakFile: PakFile PathHashIndexSize=101
[2021.11.29-12.05.01:624][  0]LogPakFile: PakFile FullDirectoryIndexSize=148
[2021.11.29-12.05.01:624][  0]LogShaderLibrary: Display: ShaderCodeLibraryPakFileMountedCallback: PakFile 'C:/Program Files/Epic Games/UE_4.27/FeaturePacks/TP_ThirdPerson.upack' (chunk index -1, root 'root:/') mounted
[2021.11.29-12.05.01:624][  0]LogShaderLibrary: Display: ShaderCodeLibraryPakFileMountedCallback: pending pak file info (ChunkID:-1 Root:root:/ File:C:/Program Files/Epic Games/UE_4.27/FeaturePacks/TP_ThirdPerson.upack)
[2021.11.29-12.05.01:624][  0]LogPakFile: OnPakFileMounted2Time == 0.000032
[2021.11.29-12.05.01:625][  0]LogPakFile: PakFile PrimaryIndexSize=189
[2021.11.29-12.05.01:625][  0]LogPakFile: PakFile PathHashIndexSize=101
[2021.11.29-12.05.01:625][  0]LogPakFile: PakFile FullDirectoryIndexSize=152
[2021.11.29-12.05.01:625][  0]LogShaderLibrary: Display: ShaderCodeLibraryPakFileMountedCallback: PakFile 'C:/Program Files/Epic Games/UE_4.27/FeaturePacks/TP_ThirdPersonBP.upack' (chunk index -1, root 'root:/') mounted
[2021.11.29-12.05.01:625][  0]LogShaderLibrary: Display: ShaderCodeLibraryPakFileMountedCallback: pending pak file info (ChunkID:-1 Root:root:/ File:C:/Program Files/Epic Games/UE_4.27/FeaturePacks/TP_ThirdPersonBP.upack)
[2021.11.29-12.05.01:625][  0]LogPakFile: OnPakFileMounted2Time == 0.000031
[2021.11.29-12.05.01:626][  0]LogPakFile: PakFile PrimaryIndexSize=183
[2021.11.29-12.05.01:626][  0]LogPakFile: PakFile PathHashIndexSize=101
[2021.11.29-12.05.01:626][  0]LogPakFile: PakFile FullDirectoryIndexSize=140
[2021.11.29-12.05.01:626][  0]LogShaderLibrary: Display: ShaderCodeLibraryPakFileMountedCallback: PakFile 'C:/Program Files/Epic Games/UE_4.27/FeaturePacks/TP_TopDown.upack' (chunk index -1, root 'root:/') mounted
[2021.11.29-12.05.01:626][  0]LogShaderLibrary: Display: ShaderCodeLibraryPakFileMountedCallback: pending pak file info (ChunkID:-1 Root:root:/ File:C:/Program Files/Epic Games/UE_4.27/FeaturePacks/TP_TopDown.upack)
[2021.11.29-12.05.01:626][  0]LogPakFile: OnPakFileMounted2Time == 0.000038
[2021.11.29-12.05.01:627][  0]LogPakFile: PakFile PrimaryIndexSize=185
[2021.11.29-12.05.01:627][  0]LogPakFile: PakFile PathHashIndexSize=101
[2021.11.29-12.05.01:627][  0]LogPakFile: PakFile FullDirectoryIndexSize=144
[2021.11.29-12.05.01:627][  0]LogShaderLibrary: Display: ShaderCodeLibraryPakFileMountedCallback: PakFile 'C:/Program Files/Epic Games/UE_4.27/FeaturePacks/TP_TopDownBP.upack' (chunk index -1, root 'root:/') mounted
[2021.11.29-12.05.01:627][  0]LogShaderLibrary: Display: ShaderCodeLibraryPakFileMountedCallback: pending pak file info (ChunkID:-1 Root:root:/ File:C:/Program Files/Epic Games/UE_4.27/FeaturePacks/TP_TopDownBP.upack)
[2021.11.29-12.05.01:627][  0]LogPakFile: OnPakFileMounted2Time == 0.000031
[2021.11.29-12.05.01:628][  0]LogPakFile: PakFile PrimaryIndexSize=185
[2021.11.29-12.05.01:628][  0]LogPakFile: PakFile PathHashIndexSize=101
[2021.11.29-12.05.01:628][  0]LogPakFile: PakFile FullDirectoryIndexSize=144
[2021.11.29-12.05.01:628][  0]LogShaderLibrary: Display: ShaderCodeLibraryPakFileMountedCallback: PakFile 'C:/Program Files/Epic Games/UE_4.27/FeaturePacks/TP_TwinStick.upack' (chunk index -1, root 'root:/') mounted
[2021.11.29-12.05.01:628][  0]LogShaderLibrary: Display: ShaderCodeLibraryPakFileMountedCallback: pending pak file info (ChunkID:-1 Root:root:/ File:C:/Program Files/Epic Games/UE_4.27/FeaturePacks/TP_TwinStick.upack)
[2021.11.29-12.05.01:628][  0]LogPakFile: OnPakFileMounted2Time == 0.000032
[2021.11.29-12.05.01:629][  0]LogPakFile: PakFile PrimaryIndexSize=187
[2021.11.29-12.05.01:629][  0]LogPakFile: PakFile PathHashIndexSize=101
[2021.11.29-12.05.01:629][  0]LogPakFile: PakFile FullDirectoryIndexSize=148
[2021.11.29-12.05.01:629][  0]LogShaderLibrary: Display: ShaderCodeLibraryPakFileMountedCallback: PakFile 'C:/Program Files/Epic Games/UE_4.27/FeaturePacks/TP_TwinStickBP.upack' (chunk index -1, root 'root:/') mounted
[2021.11.29-12.05.01:629][  0]LogShaderLibrary: Display: ShaderCodeLibraryPakFileMountedCallback: pending pak file info (ChunkID:-1 Root:root:/ File:C:/Program Files/Epic Games/UE_4.27/FeaturePacks/TP_TwinStickBP.upack)
[2021.11.29-12.05.01:629][  0]LogPakFile: OnPakFileMounted2Time == 0.000037
[2021.11.29-12.05.01:630][  0]LogPakFile: PakFile PrimaryIndexSize=183
[2021.11.29-12.05.01:630][  0]LogPakFile: PakFile PathHashIndexSize=101
[2021.11.29-12.05.01:630][  0]LogPakFile: PakFile FullDirectoryIndexSize=140
[2021.11.29-12.05.01:630][  0]LogShaderLibrary: Display: ShaderCodeLibraryPakFileMountedCallback: PakFile 'C:/Program Files/Epic Games/UE_4.27/FeaturePacks/TP_Vehicle.upack' (chunk index -1, root 'root:/') mounted
[2021.11.29-12.05.01:630][  0]LogShaderLibrary: Display: ShaderCodeLibraryPakFileMountedCallback: pending pak file info (ChunkID:-1 Root:root:/ File:C:/Program Files/Epic Games/UE_4.27/FeaturePacks/TP_Vehicle.upack)
[2021.11.29-12.05.01:630][  0]LogPakFile: OnPakFileMounted2Time == 0.000034
[2021.11.29-12.05.01:632][  0]LogPakFile: PakFile PrimaryIndexSize=186
[2021.11.29-12.05.01:632][  0]LogPakFile: PakFile PathHashIndexSize=101
[2021.11.29-12.05.01:632][  0]LogPakFile: PakFile FullDirectoryIndexSize=146
[2021.11.29-12.05.01:632][  0]LogShaderLibrary: Display: ShaderCodeLibraryPakFileMountedCallback: PakFile 'C:/Program Files/Epic Games/UE_4.27/FeaturePacks/TP_VehicleAdv.upack' (chunk index -1, root 'root:/') mounted
[2021.11.29-12.05.01:632][  0]LogShaderLibrary: Display: ShaderCodeLibraryPakFileMountedCallback: pending pak file info (ChunkID:-1 Root:root:/ File:C:/Program Files/Epic Games/UE_4.27/FeaturePacks/TP_VehicleAdv.upack)
[2021.11.29-12.05.01:632][  0]LogPakFile: OnPakFileMounted2Time == 0.000034
[2021.11.29-12.05.01:633][  0]LogPakFile: PakFile PrimaryIndexSize=188
[2021.11.29-12.05.01:633][  0]LogPakFile: PakFile PathHashIndexSize=101
[2021.11.29-12.05.01:633][  0]LogPakFile: PakFile FullDirectoryIndexSize=150
[2021.11.29-12.05.01:633][  0]LogShaderLibrary: Display: ShaderCodeLibraryPakFileMountedCallback: PakFile 'C:/Program Files/Epic Games/UE_4.27/FeaturePacks/TP_VehicleAdvBP.upack' (chunk index -1, root 'root:/') mounted
[2021.11.29-12.05.01:633][  0]LogShaderLibrary: Display: ShaderCodeLibraryPakFileMountedCallback: pending pak file info (ChunkID:-1 Root:root:/ File:C:/Program Files/Epic Games/UE_4.27/FeaturePacks/TP_VehicleAdvBP.upack)
[2021.11.29-12.05.01:633][  0]LogPakFile: OnPakFileMounted2Time == 0.000033
[2021.11.29-12.05.01:634][  0]LogPakFile: PakFile PrimaryIndexSize=185
[2021.11.29-12.05.01:634][  0]LogPakFile: PakFile PathHashIndexSize=101
[2021.11.29-12.05.01:634][  0]LogPakFile: PakFile FullDirectoryIndexSize=144
[2021.11.29-12.05.01:634][  0]LogShaderLibrary: Display: ShaderCodeLibraryPakFileMountedCallback: PakFile 'C:/Program Files/Epic Games/UE_4.27/FeaturePacks/TP_VehicleBP.upack' (chunk index -1, root 'root:/') mounted
[2021.11.29-12.05.01:634][  0]LogShaderLibrary: Display: ShaderCodeLibraryPakFileMountedCallback: pending pak file info (ChunkID:-1 Root:root:/ File:C:/Program Files/Epic Games/UE_4.27/FeaturePacks/TP_VehicleBP.upack)
[2021.11.29-12.05.01:634][  0]LogPakFile: OnPakFileMounted2Time == 0.000033
[2021.11.29-12.05.01:635][  0]LogPakFile: PakFile PrimaryIndexSize=192
[2021.11.29-12.05.01:635][  0]LogPakFile: PakFile PathHashIndexSize=101
[2021.11.29-12.05.01:635][  0]LogPakFile: PakFile FullDirectoryIndexSize=158
[2021.11.29-12.05.01:635][  0]LogShaderLibrary: Display: ShaderCodeLibraryPakFileMountedCallback: PakFile 'C:/Program Files/Epic Games/UE_4.27/FeaturePacks/TP_VirtualRealityBP.upack' (chunk index -1, root 'root:/') mounted
[2021.11.29-12.05.01:635][  0]LogShaderLibrary: Display: ShaderCodeLibraryPakFileMountedCallback: pending pak file info (ChunkID:-1 Root:root:/ File:C:/Program Files/Epic Games/UE_4.27/FeaturePacks/TP_VirtualRealityBP.upack)
[2021.11.29-12.05.01:635][  0]LogPakFile: OnPakFileMounted2Time == 0.000031
[2021.11.29-12.05.01:711][  0]LogNativeClassHierarchy: Verbose: Native class hierarchy updated for 'AddContentDialog' in 0.0002 seconds. Added 0 classes and 0 folders.
[2021.11.29-12.05.01:712][  0]LogNativeClassHierarchy: Verbose: Native class hierarchy updated for 'SceneOutliner' in 0.0002 seconds. Added 2 classes and 0 folders.
[2021.11.29-12.05.01:764][  0]LogSlate: Took 0.000431 seconds to synchronously load lazily loaded font '../../../Engine/Content/Slate/Fonts/Roboto-Regular.ttf' (155K)
[2021.11.29-12.05.01:766][  0]LogSlate: Took 0.000434 seconds to synchronously load lazily loaded font '../../../Engine/Content/Editor/Slate/Fonts/FontAwesome.ttf' (139K)
[2021.11.29-12.05.01:767][  0]LogSlate: Took 0.000390 seconds to synchronously load lazily loaded font '../../../Engine/Content/Slate/Fonts/Roboto-Bold.ttf' (160K)
[2021.11.29-12.05.01:851][  0]LogRenderer: Reallocating scene render targets to support 1208x572 Format 10 NumSamples 1 (Frame:1).
[2021.11.29-12.05.01:925][  0]LogNativeClassHierarchy: Verbose: Native class hierarchy updated for 'HierarchicalLODOutliner' in 0.0002 seconds. Added 0 classes and 0 folders.
[2021.11.29-12.05.01:925][  0]LogLoad: (Engine Initialization) Total time: 9.60 seconds
[2021.11.29-12.05.01:925][  0]LogLoad: (Engine Initialization) Total Blueprint compile time: 0.00 seconds
[2021.11.29-12.05.01:965][  0]LogAssetRegistry: Asset discovery search completed in 5.8051 seconds
[2021.11.29-12.05.01:973][  0]LogCollectionManager: Fixed up redirectors for 0 collections in 0.000003 seconds (updated 0 objects)
[2021.11.29-12.05.01:975][  0]LogContentStreaming: Texture pool size now 1000 MB
[2021.11.29-12.05.02:080][  2]LogSlate: Took 0.000529 seconds to synchronously load lazily loaded font '../../../Engine/Content/Slate/Fonts/Roboto-Light.ttf' (167K)
[2021.11.29-12.05.13:523][335]LogSlate: Window 'Source Control Login' being destroyed
